Using pre-set license
Built from '2021.3/staging' branch; Version is '2021.3.0f1 (6eacc8284459) revision 7253192'; Using compiler version '192829333'; Build Type 'Release'
OS: 'Windows 10  (10.0.21996) 64bit Professional' Language: 'en' Physical Memory: 16315 MB
BatchMode: 1, IsHumanControllingUs: 0, StartBugReporterOnCrash: 0, Is64bit: 1, IsPro: 1

COMMAND LINE ARGUMENTS:
E:\Unity\2021.3.0f1\Editor\Unity.exe
-adb2
-batchMode
-noUpm
-name
AssetImportWorker1
-projectPath
E:/Project/Stickman Run/Clone-Stickman-Run/Stick-Man-Run
-logFile
Logs/AssetImportWorker1.log
-srvPort
13890
Successfully changed project path to: E:/Project/Stickman Run/Clone-Stickman-Run/Stick-Man-Run
E:/Project/Stickman Run/Clone-Stickman-Run/Stick-Man-Run
[UnityMemory] Configuration Parameters - Can be set up in boot.config
    "memorysetup-bucket-allocator-granularity=16"
    "memorysetup-bucket-allocator-bucket-count=8"
    "memorysetup-bucket-allocator-block-size=33554432"
    "memorysetup-bucket-allocator-block-count=8"
    "memorysetup-main-allocator-block-size=16777216"
    "memorysetup-thread-allocator-block-size=16777216"
    "memorysetup-gfx-main-allocator-block-size=16777216"
    "memorysetup-gfx-thread-allocator-block-size=16777216"
    "memorysetup-cache-allocator-block-size=4194304"
    "memorysetup-typetree-allocator-block-size=2097152"
    "memorysetup-profiler-bucket-allocator-granularity=16"
    "memorysetup-profiler-bucket-allocator-bucket-count=8"
    "memorysetup-profiler-bucket-allocator-block-size=33554432"
    "memorysetup-profiler-bucket-allocator-block-count=8"
    "memorysetup-profiler-allocator-block-size=16777216"
    "memorysetup-profiler-editor-allocator-block-size=1048576"
    "memorysetup-temp-allocator-size-main=16777216"
    "memorysetup-job-temp-allocator-block-size=2097152"
    "memorysetup-job-temp-allocator-block-size-background=1048576"
    "memorysetup-job-temp-allocator-reduction-small-platforms=262144"
    "memorysetup-temp-allocator-size-background-worker=32768"
    "memorysetup-temp-allocator-size-job-worker=262144"
    "memorysetup-temp-allocator-size-preload-manager=33554432"
    "memorysetup-temp-allocator-size-nav-mesh-worker=65536"
    "memorysetup-temp-allocator-size-audio-worker=65536"
    "memorysetup-temp-allocator-size-cloud-worker=32768"
    "memorysetup-temp-allocator-size-gi-baking-worker=262144"
    "memorysetup-temp-allocator-size-gfx=262144"
Refreshing native plugins compatible for Editor in 91.35 ms, found 3 plugins.
Preloading 0 native plugins for Editor in 0.00 ms.
Initialize engine version: 2021.3.0f1 (6eacc8284459)
[Subsystems] Discovering subsystems at path E:/Unity/2021.3.0f1/Editor/Data/Resources/UnitySubsystems
[Subsystems] Discovering subsystems at path E:/Project/Stickman Run/Clone-Stickman-Run/Stick-Man-Run/Assets
GfxDevice: creating device client; threaded=0; jobified=0
Direct3D:
    Version:  Direct3D 11.0 [level 11.1]
    Renderer: NVIDIA GeForce RTX 2060 (ID=0x1f08)
    Vendor:   NVIDIA
    VRAM:     5980 MB
    Driver:   30.0.15.1259
Initialize mono
Mono path[0] = 'E:/Unity/2021.3.0f1/Editor/Data/Managed'
Mono path[1] = 'E:/Unity/2021.3.0f1/Editor/Data/MonoBleedingEdge/lib/mono/unityjit-win32'
Mono config path = 'E:/Unity/2021.3.0f1/Editor/Data/MonoBleedingEdge/etc'
Using monoOptions --debugger-agent=transport=dt_socket,embedding=1,server=y,suspend=n,address=127.0.0.1:56324
Begin MonoManager ReloadAssembly
Registering precompiled unity dll's ...
Register platform support module: E:/Unity/2021.3.0f1/Editor/Data/PlaybackEngines/WebGLSupport/UnityEditor.WebGL.Extensions.dll
Register platform support module: E:/Unity/2021.3.0f1/Editor/Data/PlaybackEngines/AndroidPlayer/UnityEditor.Android.Extensions.dll
Register platform support module: E:/Unity/2021.3.0f1/Editor/Data/PlaybackEngines/WindowsStandaloneSupport/UnityEditor.WindowsStandalone.Extensions.dll
Register platform support module: E:/Unity/2021.3.0f1/Editor/Data/PlaybackEngines/MetroSupport/UnityEditor.UWP.Extensions.dll
Registered in 0.002885 seconds.
Native extension for UWP target not found
Native extension for WindowsStandalone target not found
Native extension for Android target not found
Native extension for WebGL target not found
Refreshing native plugins compatible for Editor in 80.32 ms, found 3 plugins.
Preloading 0 native plugins for Editor in 0.00 ms.
Mono: successfully reloaded assembly
- Completed reload, in  0.598 seconds
Domain Reload Profiling:
	ReloadAssembly (598ms)
		BeginReloadAssembly (63ms)
			ExecutionOrderSort (0ms)
			DisableScriptedObjects (0ms)
			BackupInstance (0ms)
			ReleaseScriptingObjects (0ms)
			CreateAndSetChildDomain (1ms)
		EndReloadAssembly (442ms)
			LoadAssemblies (63ms)
			RebuildTransferFunctionScriptingTraits (0ms)
			SetupTypeCache (105ms)
			ReleaseScriptCaches (0ms)
			RebuildScriptCaches (27ms)
			SetupLoadedEditorAssemblies (267ms)
				LogAssemblyErrors (0ms)
				InitializePlatformSupportModulesInManaged (50ms)
				SetLoadedEditorAssemblies (0ms)
				RefreshPlugins (80ms)
				BeforeProcessingInitializeOnLoad (1ms)
				ProcessInitializeOnLoadAttributes (93ms)
				ProcessInitializeOnLoadMethodAttributes (43ms)
				AfterProcessingInitializeOnLoad (0ms)
				EditorAssembliesLoaded (0ms)
			ExecutionOrderSort2 (0ms)
			AwakeInstancesAfterBackupRestoration (0ms)
Platform modules already initialized, skipping
Registering precompiled user dll's ...
Registered in 0.002765 seconds.
Begin MonoManager ReloadAssembly
Symbol file LoadedFromMemory doesn't match image E:\Project\Stickman Run\Clone-Stickman-Run\Stick-Man-Run\Library\PackageCache\com.unity.visualscripting@1.7.6\Editor\VisualScripting.Core\Dependencies\YamlDotNet\Unity.VisualScripting.YamlDotNet.dll
Symbol file LoadedFromMemory is not a mono symbol file
Symbol file LoadedFromMemory doesn't match image E:\Project\Stickman Run\Clone-Stickman-Run\Stick-Man-Run\Library\PackageCache\com.unity.visualscripting@1.7.6\Editor\VisualScripting.Core\Dependencies\DotNetZip\Unity.VisualScripting.IonicZip.dll
Native extension for UWP target not found
Native extension for WindowsStandalone target not found
Native extension for Android target not found
Native extension for WebGL target not found
Refreshing native plugins compatible for Editor in 0.49 ms, found 3 plugins.
Preloading 0 native plugins for Editor in 0.00 ms.
Mono: successfully reloaded assembly
- Completed reload, in  1.005 seconds
Domain Reload Profiling:
	ReloadAssembly (1006ms)
		BeginReloadAssembly (205ms)
			ExecutionOrderSort (0ms)
			DisableScriptedObjects (6ms)
			BackupInstance (0ms)
			ReleaseScriptingObjects (0ms)
			CreateAndSetChildDomain (131ms)
		EndReloadAssembly (702ms)
			LoadAssemblies (70ms)
			RebuildTransferFunctionScriptingTraits (0ms)
			SetupTypeCache (237ms)
			ReleaseScriptCaches (1ms)
			RebuildScriptCaches (47ms)
			SetupLoadedEditorAssemblies (312ms)
				LogAssemblyErrors (0ms)
				InitializePlatformSupportModulesInManaged (12ms)
				SetLoadedEditorAssemblies (0ms)
				RefreshPlugins (1ms)
				BeforeProcessingInitializeOnLoad (75ms)
				ProcessInitializeOnLoadAttributes (201ms)
				ProcessInitializeOnLoadMethodAttributes (20ms)
				AfterProcessingInitializeOnLoad (2ms)
				EditorAssembliesLoaded (0ms)
			ExecutionOrderSort2 (0ms)
			AwakeInstancesAfterBackupRestoration (5ms)
Platform modules already initialized, skipping
========================================================================
Worker process is ready to serve import requests
Launched and connected shader compiler UnityShaderCompiler.exe after 0.05 seconds
Refreshing native plugins compatible for Editor in 0.54 ms, found 3 plugins.
Preloading 0 native plugins for Editor in 0.00 ms.
Unloading 3287 Unused Serialized files (Serialized files now loaded: 0)
Unloading 23 unused Assets / (112.1 KB). Loaded Objects now: 3757.
Memory consumption went from 116.6 MB to 116.5 MB.
Total: 3.054900 ms (FindLiveObjects: 0.249700 ms CreateObjectMapping: 0.173900 ms MarkObjects: 2.546400 ms  DeleteObjects: 0.083600 ms)

AssetImportParameters requested are different than current active one (requested -> active):
  custom:video-decoder-ogg-theora: a1e56fd34408186e4bbccfd4996cb3dc -> 
  custom:container-muxer-webm: aa71ff27fc2769a1b78a27578f13a17b -> 
  custom:container-demuxer-webm: 4f35f7cbe854078d1ac9338744f61a02 -> 
  custom:video-encoder-webm-vp8: eb34c28f22e8b96e1ab97ce403110664 -> 
  custom:audio-encoder-webm-vorbis: bf7c407c2cedff20999df2af8eb42d56 -> 
  custom:framework-win-MediaFoundation: 216162199b28c13a410421893ffa2e32 -> 
  custom:container-demuxer-ogg: 62fdf1f143b41e24485cea50d1cbac27 -> 
  custom:video-decoder-webm-vp8: 9c59270c3fd7afecdb556c50c9e8de78 -> 
  custom:audio-decoder-ogg-vorbis: bf7c407c2cedff20999df2af8eb42d56 -> 
========================================================================
Received Import Request.
  Time since last request: 629058.680790 seconds.
  path: Assets/RPG Pack/Materials/Glow_particles.mat
  artifactKey: Guid(40d4c3afc57e51f4ea3afcc23e8db70c) Importer(815301076,1909f56bfc062723c751e8b465ee728b)
Start importing Assets/RPG Pack/Materials/Glow_particles.mat using Guid(40d4c3afc57e51f4ea3afcc23e8db70c) Importer(815301076,1909f56bfc062723c751e8b465ee728b)  -> (artifact id: '30c41badf5a88aaff4c43ea3dd0d540b') in 0.238865 seconds 
========================================================================
Received Import Request.
  Time since last request: 0.000025 seconds.
  path: Assets/RPG Pack/Materials/Dust_particles.mat
  artifactKey: Guid(566428f457572c249a5ec48d349f2488) Importer(815301076,1909f56bfc062723c751e8b465ee728b)
Start importing Assets/RPG Pack/Materials/Dust_particles.mat using Guid(566428f457572c249a5ec48d349f2488) Importer(815301076,1909f56bfc062723c751e8b465ee728b)  -> (artifact id: 'a8560f3a68d81774e066dc94d35ddcb0') in 0.032779 seconds 
========================================================================
Received Import Request.
  Time since last request: 4.472360 seconds.
  path: Assets/RPG Pack/Textures/Coin_normals.png
  artifactKey: Guid(e7c7ff0ad5317aa49aec0dd4869d621c) Importer(815301076,1909f56bfc062723c751e8b465ee728b)
Start importing Assets/RPG Pack/Textures/Coin_normals.png using Guid(e7c7ff0ad5317aa49aec0dd4869d621c) Importer(815301076,1909f56bfc062723c751e8b465ee728b)  -> (artifact id: 'e52c947f3215f7ea099b4f6ec390224e') in 0.040464 seconds 
========================================================================
Received Import Request.
  Time since last request: 0.000026 seconds.
  path: Assets/RPG Pack/Textures/sprite_radiance.tif
  artifactKey: Guid(ef5ae37d99296fc4d8dd2bc52828f008) Importer(815301076,1909f56bfc062723c751e8b465ee728b)
Start importing Assets/RPG Pack/Textures/sprite_radiance.tif using Guid(ef5ae37d99296fc4d8dd2bc52828f008) Importer(815301076,1909f56bfc062723c751e8b465ee728b)  -> (artifact id: '54cdfd9bb14bc111cba85cd070ff57ed') in 0.022102 seconds 
========================================================================
Received Prepare
Registering precompiled user dll's ...
Registered in 0.003777 seconds.
Begin MonoManager ReloadAssembly
Symbol file LoadedFromMemory doesn't match image E:\Project\Stickman Run\Clone-Stickman-Run\Stick-Man-Run\Library\PackageCache\com.unity.visualscripting@1.7.6\Editor\VisualScripting.Core\Dependencies\YamlDotNet\Unity.VisualScripting.YamlDotNet.dll
Symbol file LoadedFromMemory is not a mono symbol file
Symbol file LoadedFromMemory doesn't match image E:\Project\Stickman Run\Clone-Stickman-Run\Stick-Man-Run\Library\PackageCache\com.unity.visualscripting@1.7.6\Editor\VisualScripting.Core\Dependencies\DotNetZip\Unity.VisualScripting.IonicZip.dll
Native extension for UWP target not found
Native extension for WindowsStandalone target not found
Native extension for Android target not found
Native extension for WebGL target not found
Refreshing native plugins compatible for Editor in 0.78 ms, found 3 plugins.
Preloading 0 native plugins for Editor in 0.00 ms.
Mono: successfully reloaded assembly
- Completed reload, in  0.922 seconds
Domain Reload Profiling:
	ReloadAssembly (923ms)
		BeginReloadAssembly (114ms)
			ExecutionOrderSort (0ms)
			DisableScriptedObjects (4ms)
			BackupInstance (0ms)
			ReleaseScriptingObjects (0ms)
			CreateAndSetChildDomain (32ms)
		EndReloadAssembly (722ms)
			LoadAssemblies (73ms)
			RebuildTransferFunctionScriptingTraits (0ms)
			SetupTypeCache (255ms)
			ReleaseScriptCaches (1ms)
			RebuildScriptCaches (37ms)
			SetupLoadedEditorAssemblies (314ms)
				LogAssemblyErrors (0ms)
				InitializePlatformSupportModulesInManaged (21ms)
				SetLoadedEditorAssemblies (1ms)
				RefreshPlugins (1ms)
				BeforeProcessingInitializeOnLoad (72ms)
				ProcessInitializeOnLoadAttributes (195ms)
				ProcessInitializeOnLoadMethodAttributes (22ms)
				AfterProcessingInitializeOnLoad (3ms)
				EditorAssembliesLoaded (0ms)
			ExecutionOrderSort2 (0ms)
			AwakeInstancesAfterBackupRestoration (6ms)
Platform modules already initialized, skipping
Refreshing native plugins compatible for Editor in 1.11 ms, found 3 plugins.
Preloading 0 native plugins for Editor in 0.00 ms.
Unloading 3266 Unused Serialized files (Serialized files now loaded: 0)
Unloading 16 unused Assets / (79.0 KB). Loaded Objects now: 3800.
Memory consumption went from 119.5 MB to 119.4 MB.
Total: 3.590700 ms (FindLiveObjects: 0.243300 ms CreateObjectMapping: 0.128800 ms MarkObjects: 3.133900 ms  DeleteObjects: 0.083800 ms)

AssetImportParameters requested are different than current active one (requested -> active):
  custom:video-decoder-ogg-theora: a1e56fd34408186e4bbccfd4996cb3dc -> 
  custom:container-muxer-webm: aa71ff27fc2769a1b78a27578f13a17b -> 
  custom:container-demuxer-webm: 4f35f7cbe854078d1ac9338744f61a02 -> 
  custom:video-encoder-webm-vp8: eb34c28f22e8b96e1ab97ce403110664 -> 
  custom:audio-encoder-webm-vorbis: bf7c407c2cedff20999df2af8eb42d56 -> 
  custom:framework-win-MediaFoundation: 216162199b28c13a410421893ffa2e32 -> 
  custom:container-demuxer-ogg: 62fdf1f143b41e24485cea50d1cbac27 -> 
  custom:video-decoder-webm-vp8: 9c59270c3fd7afecdb556c50c9e8de78 -> 
  custom:audio-decoder-ogg-vorbis: bf7c407c2cedff20999df2af8eb42d56 -> 
========================================================================
Received Prepare
Registering precompiled user dll's ...
Registered in 0.002556 seconds.
Begin MonoManager ReloadAssembly
Symbol file LoadedFromMemory doesn't match image E:\Project\Stickman Run\Clone-Stickman-Run\Stick-Man-Run\Library\PackageCache\com.unity.visualscripting@1.7.6\Editor\VisualScripting.Core\Dependencies\YamlDotNet\Unity.VisualScripting.YamlDotNet.dll
Symbol file LoadedFromMemory is not a mono symbol file
Symbol file LoadedFromMemory doesn't match image E:\Project\Stickman Run\Clone-Stickman-Run\Stick-Man-Run\Library\PackageCache\com.unity.visualscripting@1.7.6\Editor\VisualScripting.Core\Dependencies\DotNetZip\Unity.VisualScripting.IonicZip.dll
Native extension for UWP target not found
Native extension for WindowsStandalone target not found
Native extension for Android target not found
Native extension for WebGL target not found
Refreshing native plugins compatible for Editor in 0.77 ms, found 3 plugins.
Preloading 0 native plugins for Editor in 0.00 ms.
Mono: successfully reloaded assembly
- Completed reload, in  0.911 seconds
Domain Reload Profiling:
	ReloadAssembly (912ms)
		BeginReloadAssembly (114ms)
			ExecutionOrderSort (0ms)
			DisableScriptedObjects (6ms)
			BackupInstance (0ms)
			ReleaseScriptingObjects (0ms)
			CreateAndSetChildDomain (32ms)
		EndReloadAssembly (710ms)
			LoadAssemblies (74ms)
			RebuildTransferFunctionScriptingTraits (0ms)
			SetupTypeCache (246ms)
			ReleaseScriptCaches (1ms)
			RebuildScriptCaches (35ms)
			SetupLoadedEditorAssemblies (306ms)
				LogAssemblyErrors (0ms)
				InitializePlatformSupportModulesInManaged (25ms)
				SetLoadedEditorAssemblies (1ms)
				RefreshPlugins (1ms)
				BeforeProcessingInitializeOnLoad (59ms)
				ProcessInitializeOnLoadAttributes (197ms)
				ProcessInitializeOnLoadMethodAttributes (22ms)
				AfterProcessingInitializeOnLoad (3ms)
				EditorAssembliesLoaded (0ms)
			ExecutionOrderSort2 (0ms)
			AwakeInstancesAfterBackupRestoration (5ms)
Platform modules already initialized, skipping
Refreshing native plugins compatible for Editor in 1.13 ms, found 3 plugins.
Preloading 0 native plugins for Editor in 0.00 ms.
Unloading 3266 Unused Serialized files (Serialized files now loaded: 0)
Unloading 16 unused Assets / (79.0 KB). Loaded Objects now: 3803.
Memory consumption went from 119.5 MB to 119.4 MB.
Total: 3.134900 ms (FindLiveObjects: 0.278100 ms CreateObjectMapping: 0.184000 ms MarkObjects: 2.603500 ms  DeleteObjects: 0.068400 ms)

AssetImportParameters requested are different than current active one (requested -> active):
  custom:video-decoder-ogg-theora: a1e56fd34408186e4bbccfd4996cb3dc -> 
  custom:container-muxer-webm: aa71ff27fc2769a1b78a27578f13a17b -> 
  custom:container-demuxer-webm: 4f35f7cbe854078d1ac9338744f61a02 -> 
  custom:video-encoder-webm-vp8: eb34c28f22e8b96e1ab97ce403110664 -> 
  custom:audio-encoder-webm-vorbis: bf7c407c2cedff20999df2af8eb42d56 -> 
  custom:framework-win-MediaFoundation: 216162199b28c13a410421893ffa2e32 -> 
  custom:container-demuxer-ogg: 62fdf1f143b41e24485cea50d1cbac27 -> 
  custom:video-decoder-webm-vp8: 9c59270c3fd7afecdb556c50c9e8de78 -> 
  custom:audio-decoder-ogg-vorbis: bf7c407c2cedff20999df2af8eb42d56 -> 
========================================================================
Received Prepare
Registering precompiled user dll's ...
Registered in 0.002587 seconds.
Begin MonoManager ReloadAssembly
Symbol file LoadedFromMemory doesn't match image E:\Project\Stickman Run\Clone-Stickman-Run\Stick-Man-Run\Library\PackageCache\com.unity.visualscripting@1.7.6\Editor\VisualScripting.Core\Dependencies\YamlDotNet\Unity.VisualScripting.YamlDotNet.dll
Symbol file LoadedFromMemory is not a mono symbol file
Symbol file LoadedFromMemory doesn't match image E:\Project\Stickman Run\Clone-Stickman-Run\Stick-Man-Run\Library\PackageCache\com.unity.visualscripting@1.7.6\Editor\VisualScripting.Core\Dependencies\DotNetZip\Unity.VisualScripting.IonicZip.dll
Native extension for UWP target not found
Native extension for WindowsStandalone target not found
Native extension for Android target not found
Native extension for WebGL target not found
Refreshing native plugins compatible for Editor in 0.46 ms, found 3 plugins.
Preloading 0 native plugins for Editor in 0.00 ms.
Mono: successfully reloaded assembly
- Completed reload, in  0.888 seconds
Domain Reload Profiling:
	ReloadAssembly (889ms)
		BeginReloadAssembly (111ms)
			ExecutionOrderSort (0ms)
			DisableScriptedObjects (5ms)
			BackupInstance (0ms)
			ReleaseScriptingObjects (0ms)
			CreateAndSetChildDomain (29ms)
		EndReloadAssembly (689ms)
			LoadAssemblies (69ms)
			RebuildTransferFunctionScriptingTraits (0ms)
			SetupTypeCache (254ms)
			ReleaseScriptCaches (1ms)
			RebuildScriptCaches (37ms)
			SetupLoadedEditorAssemblies (287ms)
				LogAssemblyErrors (0ms)
				InitializePlatformSupportModulesInManaged (19ms)
				SetLoadedEditorAssemblies (0ms)
				RefreshPlugins (1ms)
				BeforeProcessingInitializeOnLoad (54ms)
				ProcessInitializeOnLoadAttributes (183ms)
				ProcessInitializeOnLoadMethodAttributes (28ms)
				AfterProcessingInitializeOnLoad (2ms)
				EditorAssembliesLoaded (0ms)
			ExecutionOrderSort2 (0ms)
			AwakeInstancesAfterBackupRestoration (7ms)
Platform modules already initialized, skipping
Refreshing native plugins compatible for Editor in 1.10 ms, found 3 plugins.
Preloading 0 native plugins for Editor in 0.00 ms.
Unloading 3266 Unused Serialized files (Serialized files now loaded: 0)
Unloading 16 unused Assets / (78.9 KB). Loaded Objects now: 3806.
Memory consumption went from 119.5 MB to 119.4 MB.
Total: 3.678800 ms (FindLiveObjects: 0.305100 ms CreateObjectMapping: 0.193900 ms MarkObjects: 3.096700 ms  DeleteObjects: 0.082300 ms)

AssetImportParameters requested are different than current active one (requested -> active):
  custom:video-decoder-ogg-theora: a1e56fd34408186e4bbccfd4996cb3dc -> 
  custom:container-muxer-webm: aa71ff27fc2769a1b78a27578f13a17b -> 
  custom:container-demuxer-webm: 4f35f7cbe854078d1ac9338744f61a02 -> 
  custom:video-encoder-webm-vp8: eb34c28f22e8b96e1ab97ce403110664 -> 
  custom:audio-encoder-webm-vorbis: bf7c407c2cedff20999df2af8eb42d56 -> 
  custom:framework-win-MediaFoundation: 216162199b28c13a410421893ffa2e32 -> 
  custom:container-demuxer-ogg: 62fdf1f143b41e24485cea50d1cbac27 -> 
  custom:video-decoder-webm-vp8: 9c59270c3fd7afecdb556c50c9e8de78 -> 
  custom:audio-decoder-ogg-vorbis: bf7c407c2cedff20999df2af8eb42d56 -> 
========================================================================
Received Prepare
Refreshing native plugins compatible for Editor in 2.48 ms, found 3 plugins.
Preloading 0 native plugins for Editor in 0.00 ms.
Unloading 16 Unused Serialized files (Serialized files now loaded: 0)
Unloading 16 unused Assets / (76.3 KB). Loaded Objects now: 3806.
Memory consumption went from 54.7 MB to 54.6 MB.
Total: 2.560800 ms (FindLiveObjects: 0.236800 ms CreateObjectMapping: 0.143000 ms MarkObjects: 2.116300 ms  DeleteObjects: 0.064000 ms)

AssetImportParameters requested are different than current active one (requested -> active):
  custom:video-decoder-ogg-theora: a1e56fd34408186e4bbccfd4996cb3dc -> 
  custom:container-muxer-webm: aa71ff27fc2769a1b78a27578f13a17b -> 
  custom:container-demuxer-webm: 4f35f7cbe854078d1ac9338744f61a02 -> 
  custom:video-encoder-webm-vp8: eb34c28f22e8b96e1ab97ce403110664 -> 
  custom:audio-encoder-webm-vorbis: bf7c407c2cedff20999df2af8eb42d56 -> 
  custom:framework-win-MediaFoundation: 216162199b28c13a410421893ffa2e32 -> 
  custom:container-demuxer-ogg: 62fdf1f143b41e24485cea50d1cbac27 -> 
  custom:video-decoder-webm-vp8: 9c59270c3fd7afecdb556c50c9e8de78 -> 
  custom:audio-decoder-ogg-vorbis: bf7c407c2cedff20999df2af8eb42d56 -> 
========================================================================
Received Prepare
Refreshing native plugins compatible for Editor in 2.46 ms, found 3 plugins.
Preloading 0 native plugins for Editor in 0.00 ms.
Unloading 16 Unused Serialized files (Serialized files now loaded: 0)
Unloading 16 unused Assets / (76.5 KB). Loaded Objects now: 3806.
Memory consumption went from 54.7 MB to 54.6 MB.
Total: 2.717400 ms (FindLiveObjects: 0.250300 ms CreateObjectMapping: 0.158600 ms MarkObjects: 2.239800 ms  DeleteObjects: 0.067400 ms)

AssetImportParameters requested are different than current active one (requested -> active):
  custom:video-decoder-ogg-theora: a1e56fd34408186e4bbccfd4996cb3dc -> 
  custom:container-muxer-webm: aa71ff27fc2769a1b78a27578f13a17b -> 
  custom:container-demuxer-webm: 4f35f7cbe854078d1ac9338744f61a02 -> 
  custom:video-encoder-webm-vp8: eb34c28f22e8b96e1ab97ce403110664 -> 
  custom:audio-encoder-webm-vorbis: bf7c407c2cedff20999df2af8eb42d56 -> 
  custom:framework-win-MediaFoundation: 216162199b28c13a410421893ffa2e32 -> 
  custom:container-demuxer-ogg: 62fdf1f143b41e24485cea50d1cbac27 -> 
  custom:video-decoder-webm-vp8: 9c59270c3fd7afecdb556c50c9e8de78 -> 
  custom:audio-decoder-ogg-vorbis: bf7c407c2cedff20999df2af8eb42d56 -> 
========================================================================
Received Prepare
Registering precompiled user dll's ...
Registered in 0.002710 seconds.
Begin MonoManager ReloadAssembly
Symbol file LoadedFromMemory doesn't match image E:\Project\Stickman Run\Clone-Stickman-Run\Stick-Man-Run\Library\PackageCache\com.unity.visualscripting@1.7.6\Editor\VisualScripting.Core\Dependencies\YamlDotNet\Unity.VisualScripting.YamlDotNet.dll
Symbol file LoadedFromMemory is not a mono symbol file
Symbol file LoadedFromMemory doesn't match image E:\Project\Stickman Run\Clone-Stickman-Run\Stick-Man-Run\Library\PackageCache\com.unity.visualscripting@1.7.6\Editor\VisualScripting.Core\Dependencies\DotNetZip\Unity.VisualScripting.IonicZip.dll
Native extension for UWP target not found
Native extension for WindowsStandalone target not found
Native extension for Android target not found
Native extension for WebGL target not found
Refreshing native plugins compatible for Editor in 0.50 ms, found 3 plugins.
Preloading 0 native plugins for Editor in 0.00 ms.
Mono: successfully reloaded assembly
- Completed reload, in  0.905 seconds
Domain Reload Profiling:
	ReloadAssembly (906ms)
		BeginReloadAssembly (116ms)
			ExecutionOrderSort (0ms)
			DisableScriptedObjects (5ms)
			BackupInstance (0ms)
			ReleaseScriptingObjects (0ms)
			CreateAndSetChildDomain (29ms)
		EndReloadAssembly (701ms)
			LoadAssemblies (75ms)
			RebuildTransferFunctionScriptingTraits (0ms)
			SetupTypeCache (249ms)
			ReleaseScriptCaches (1ms)
			RebuildScriptCaches (37ms)
			SetupLoadedEditorAssemblies (300ms)
				LogAssemblyErrors (0ms)
				InitializePlatformSupportModulesInManaged (20ms)
				SetLoadedEditorAssemblies (0ms)
				RefreshPlugins (1ms)
				BeforeProcessingInitializeOnLoad (61ms)
				ProcessInitializeOnLoadAttributes (194ms)
				ProcessInitializeOnLoadMethodAttributes (21ms)
				AfterProcessingInitializeOnLoad (3ms)
				EditorAssembliesLoaded (0ms)
			ExecutionOrderSort2 (0ms)
			AwakeInstancesAfterBackupRestoration (6ms)
Platform modules already initialized, skipping
Refreshing native plugins compatible for Editor in 1.17 ms, found 3 plugins.
Preloading 0 native plugins for Editor in 0.00 ms.
Unloading 3266 Unused Serialized files (Serialized files now loaded: 0)
Unloading 16 unused Assets / (79.0 KB). Loaded Objects now: 3809.
Memory consumption went from 119.7 MB to 119.6 MB.
Total: 2.656000 ms (FindLiveObjects: 0.228200 ms CreateObjectMapping: 0.129500 ms MarkObjects: 2.235000 ms  DeleteObjects: 0.062400 ms)

AssetImportParameters requested are different than current active one (requested -> active):
  custom:video-decoder-ogg-theora: a1e56fd34408186e4bbccfd4996cb3dc -> 
  custom:container-muxer-webm: aa71ff27fc2769a1b78a27578f13a17b -> 
  custom:container-demuxer-webm: 4f35f7cbe854078d1ac9338744f61a02 -> 
  custom:video-encoder-webm-vp8: eb34c28f22e8b96e1ab97ce403110664 -> 
  custom:audio-encoder-webm-vorbis: bf7c407c2cedff20999df2af8eb42d56 -> 
  custom:framework-win-MediaFoundation: 216162199b28c13a410421893ffa2e32 -> 
  custom:container-demuxer-ogg: 62fdf1f143b41e24485cea50d1cbac27 -> 
  custom:video-decoder-webm-vp8: 9c59270c3fd7afecdb556c50c9e8de78 -> 
  custom:audio-decoder-ogg-vorbis: bf7c407c2cedff20999df2af8eb42d56 -> 
========================================================================
Received Prepare
Registering precompiled user dll's ...
Registered in 0.003611 seconds.
Begin MonoManager ReloadAssembly
Symbol file LoadedFromMemory doesn't match image E:\Project\Stickman Run\Clone-Stickman-Run\Stick-Man-Run\Library\PackageCache\com.unity.visualscripting@1.7.6\Editor\VisualScripting.Core\Dependencies\YamlDotNet\Unity.VisualScripting.YamlDotNet.dll
Symbol file LoadedFromMemory is not a mono symbol file
Symbol file LoadedFromMemory doesn't match image E:\Project\Stickman Run\Clone-Stickman-Run\Stick-Man-Run\Library\PackageCache\com.unity.visualscripting@1.7.6\Editor\VisualScripting.Core\Dependencies\DotNetZip\Unity.VisualScripting.IonicZip.dll
Native extension for UWP target not found
Native extension for WindowsStandalone target not found
Native extension for Android target not found
Native extension for WebGL target not found
Refreshing native plugins compatible for Editor in 0.49 ms, found 3 plugins.
Preloading 0 native plugins for Editor in 0.00 ms.
Mono: successfully reloaded assembly
- Completed reload, in  0.901 seconds
Domain Reload Profiling:
	ReloadAssembly (902ms)
		BeginReloadAssembly (109ms)
			ExecutionOrderSort (0ms)
			DisableScriptedObjects (5ms)
			BackupInstance (0ms)
			ReleaseScriptingObjects (0ms)
			CreateAndSetChildDomain (28ms)
		EndReloadAssembly (709ms)
			LoadAssemblies (79ms)
			RebuildTransferFunctionScriptingTraits (0ms)
			SetupTypeCache (250ms)
			ReleaseScriptCaches (1ms)
			RebuildScriptCaches (39ms)
			SetupLoadedEditorAssemblies (289ms)
				LogAssemblyErrors (0ms)
				InitializePlatformSupportModulesInManaged (19ms)
				SetLoadedEditorAssemblies (0ms)
				RefreshPlugins (1ms)
				BeforeProcessingInitializeOnLoad (53ms)
				ProcessInitializeOnLoadAttributes (188ms)
				ProcessInitializeOnLoadMethodAttributes (25ms)
				AfterProcessingInitializeOnLoad (2ms)
				EditorAssembliesLoaded (0ms)
			ExecutionOrderSort2 (0ms)
			AwakeInstancesAfterBackupRestoration (6ms)
Platform modules already initialized, skipping
Refreshing native plugins compatible for Editor in 1.15 ms, found 3 plugins.
Preloading 0 native plugins for Editor in 0.00 ms.
Unloading 3266 Unused Serialized files (Serialized files now loaded: 0)
Unloading 16 unused Assets / (79.2 KB). Loaded Objects now: 3812.
Memory consumption went from 119.7 MB to 119.7 MB.
Total: 2.630100 ms (FindLiveObjects: 0.225300 ms CreateObjectMapping: 0.117500 ms MarkObjects: 2.226200 ms  DeleteObjects: 0.060300 ms)

AssetImportParameters requested are different than current active one (requested -> active):
  custom:video-decoder-ogg-theora: a1e56fd34408186e4bbccfd4996cb3dc -> 
  custom:container-muxer-webm: aa71ff27fc2769a1b78a27578f13a17b -> 
  custom:container-demuxer-webm: 4f35f7cbe854078d1ac9338744f61a02 -> 
  custom:video-encoder-webm-vp8: eb34c28f22e8b96e1ab97ce403110664 -> 
  custom:audio-encoder-webm-vorbis: bf7c407c2cedff20999df2af8eb42d56 -> 
  custom:framework-win-MediaFoundation: 216162199b28c13a410421893ffa2e32 -> 
  custom:container-demuxer-ogg: 62fdf1f143b41e24485cea50d1cbac27 -> 
  custom:video-decoder-webm-vp8: 9c59270c3fd7afecdb556c50c9e8de78 -> 
  custom:audio-decoder-ogg-vorbis: bf7c407c2cedff20999df2af8eb42d56 -> 
========================================================================
Received Import Request.
  Time since last request: 420.656169 seconds.
  path: Assets/DavePixel/PirateCoin/Textures/Gold/Coin_Low_lambert1_BaseColor.png
  artifactKey: Guid(d75cfc5cdfb618848ba81efaf20ab2be) Importer(-1,00000000000000000000000000000000)
Start importing Assets/DavePixel/PirateCoin/Textures/Gold/Coin_Low_lambert1_BaseColor.png using Guid(d75cfc5cdfb618848ba81efaf20ab2be) Importer(-1,00000000000000000000000000000000)  -> (artifact id: 'd790658bced3e7f42e72a8d9abf9ed8e') in 0.073841 seconds 
========================================================================
Received Import Request.
  Time since last request: 0.000023 seconds.
  path: Assets/DavePixel/PirateCoin HDRP/Textures/Silver/Silver_Normal.png
  artifactKey: Guid(b442f5e5f310e2849b438ec757ce5f96) Importer(-1,00000000000000000000000000000000)
Start importing Assets/DavePixel/PirateCoin HDRP/Textures/Silver/Silver_Normal.png using Guid(b442f5e5f310e2849b438ec757ce5f96) Importer(-1,00000000000000000000000000000000)  -> (artifact id: 'c0fac00c51bb23c53b337bf0464389ac') in 0.054902 seconds 
========================================================================
Received Import Request.
  Time since last request: 0.000022 seconds.
  path: Assets/DavePixel/PirateCoin/Demo/Texture/NormalMap (1).png
  artifactKey: Guid(a5545a84b102ffa4a8a3b6ff6ec33afc) Importer(-1,00000000000000000000000000000000)
Start importing Assets/DavePixel/PirateCoin/Demo/Texture/NormalMap (1).png using Guid(a5545a84b102ffa4a8a3b6ff6ec33afc) Importer(-1,00000000000000000000000000000000)  -> (artifact id: '84e602cdf49fcdaa877454c2d4fecb78') in 0.018395 seconds 
========================================================================
Received Import Request.
  Time since last request: 0.000018 seconds.
  path: Assets/DavePixel/PirateCoin/Textures/DarkGold/Coin_Low_lambert1_Metallic.png
  artifactKey: Guid(086ea071f14f2804c9695c3f5c72f441) Importer(-1,00000000000000000000000000000000)
Start importing Assets/DavePixel/PirateCoin/Textures/DarkGold/Coin_Low_lambert1_Metallic.png using Guid(086ea071f14f2804c9695c3f5c72f441) Importer(-1,00000000000000000000000000000000)  -> (artifact id: '27fa7f76eb5820d6b91fade3d2cb7cea') in 0.046810 seconds 
========================================================================
Received Import Request.
  Time since last request: 0.000017 seconds.
  path: Assets/DavePixel/PirateCoin/Textures/Brass/Coin_Low_lambert1_BaseColor.png
  artifactKey: Guid(f10e871c7d6aa5a4db07efaf3aa259cc) Importer(-1,00000000000000000000000000000000)
Start importing Assets/DavePixel/PirateCoin/Textures/Brass/Coin_Low_lambert1_BaseColor.png using Guid(f10e871c7d6aa5a4db07efaf3aa259cc) Importer(-1,00000000000000000000000000000000)  -> (artifact id: '71df741ef432874fd9749a421bbd8a83') in 0.047213 seconds 
========================================================================
Received Import Request.
  Time since last request: 0.000020 seconds.
  path: Assets/DavePixel/PirateCoin/Textures/Silver/Coin_Low_lambert1_Height.png
  artifactKey: Guid(0e30838686f04f945beaa6eea362d37e) Importer(-1,00000000000000000000000000000000)
Start importing Assets/DavePixel/PirateCoin/Textures/Silver/Coin_Low_lambert1_Height.png using Guid(0e30838686f04f945beaa6eea362d37e) Importer(-1,00000000000000000000000000000000)  -> (artifact id: '9e7a2cf1053ca59108b1f09cf34a8b5e') in 0.036402 seconds 
========================================================================
Received Import Request.
  Time since last request: 0.000018 seconds.
  path: Assets/DavePixel/PirateCoin/Textures/Brass/Coin_Low_lambert1_Roughness.png
  artifactKey: Guid(bb7ec3119f06b5a4b9be9cc0bdac65cf) Importer(-1,00000000000000000000000000000000)
Start importing Assets/DavePixel/PirateCoin/Textures/Brass/Coin_Low_lambert1_Roughness.png using Guid(bb7ec3119f06b5a4b9be9cc0bdac65cf) Importer(-1,00000000000000000000000000000000)  -> (artifact id: '7c34a178081e4934a0c9f3021888778b') in 0.032587 seconds 
========================================================================
Received Import Request.
  Time since last request: 0.000017 seconds.
  path: Assets/DavePixel/PirateCoin/Textures/DarkGold/Coin_Low_lambert1_Normal.png
  artifactKey: Guid(6bb47df71a2273442b68caf761e37917) Importer(-1,00000000000000000000000000000000)
Start importing Assets/DavePixel/PirateCoin/Textures/DarkGold/Coin_Low_lambert1_Normal.png using Guid(6bb47df71a2273442b68caf761e37917) Importer(-1,00000000000000000000000000000000)  -> (artifact id: 'bff42d3a5547f0d0044e7a02f72bab9d') in 0.083813 seconds 
========================================================================
Received Import Request.
  Time since last request: 0.000019 seconds.
  path: Assets/DavePixel/PirateCoin HDRP/Textures/Silver/Silver_MaskMap.png
  artifactKey: Guid(0b1a66f6f6a90bb4c8b7a606f9efe1ae) Importer(-1,00000000000000000000000000000000)
Start importing Assets/DavePixel/PirateCoin HDRP/Textures/Silver/Silver_MaskMap.png using Guid(0b1a66f6f6a90bb4c8b7a606f9efe1ae) Importer(-1,00000000000000000000000000000000)  -> (artifact id: 'c4939fa529fe769924a4b001dddbb256') in 0.049682 seconds 
========================================================================
Received Import Request.
  Time since last request: 0.000027 seconds.
  path: Assets/DavePixel/PirateCoin/Textures/Silver/Coin_Low_lambert1_Metallic.png
  artifactKey: Guid(72f10bff6e1d5824798e4fd0bd13eb00) Importer(-1,00000000000000000000000000000000)
Start importing Assets/DavePixel/PirateCoin/Textures/Silver/Coin_Low_lambert1_Metallic.png using Guid(72f10bff6e1d5824798e4fd0bd13eb00) Importer(-1,00000000000000000000000000000000)  -> (artifact id: '0eadc6079df082917a5f2f8cd2dcd068') in 0.038768 seconds 
========================================================================
Received Import Request.
  Time since last request: 0.000017 seconds.
  path: Assets/DavePixel/PirateCoin/Textures/Brass/Coin_Low_lambert1_Metallic.png
  artifactKey: Guid(8ee1ae59740ea504099418386df75b0d) Importer(-1,00000000000000000000000000000000)
Start importing Assets/DavePixel/PirateCoin/Textures/Brass/Coin_Low_lambert1_Metallic.png using Guid(8ee1ae59740ea504099418386df75b0d) Importer(-1,00000000000000000000000000000000)  -> (artifact id: 'd000d58e0bf895ffdc2fc700616e764b') in 0.041867 seconds 
========================================================================
Received Import Request.
  Time since last request: 0.000020 seconds.
  path: Assets/DavePixel/PirateCoin HDRP/Demo/Texture/NormalMap (1).png
  artifactKey: Guid(6006c1ae9386cf8478a963f37282c421) Importer(-1,00000000000000000000000000000000)
Start importing Assets/DavePixel/PirateCoin HDRP/Demo/Texture/NormalMap (1).png using Guid(6006c1ae9386cf8478a963f37282c421) Importer(-1,00000000000000000000000000000000)  -> (artifact id: '260d41d2bdd302e24373f3dc8baec314') in 0.016824 seconds 
========================================================================
Received Import Request.
  Time since last request: 0.000021 seconds.
  path: Assets/DavePixel/PirateCoin HDRP/Demo/Texture/Table.png
  artifactKey: Guid(d837d4a0509478d478c02a97e9b10abf) Importer(-1,00000000000000000000000000000000)
Start importing Assets/DavePixel/PirateCoin HDRP/Demo/Texture/Table.png using Guid(d837d4a0509478d478c02a97e9b10abf) Importer(-1,00000000000000000000000000000000)  -> (artifact id: 'dd1fef3abeed508291b5397d4e6b7bdc') in 0.018381 seconds 
========================================================================
Received Import Request.
  Time since last request: 0.000018 seconds.
  path: Assets/DavePixel/PirateCoin/Demo/Demo/ReflectionProbe-1.exr
  artifactKey: Guid(3d0aa949fa255014aae4efaf7a06988c) Importer(-1,00000000000000000000000000000000)
Start importing Assets/DavePixel/PirateCoin/Demo/Demo/ReflectionProbe-1.exr using Guid(3d0aa949fa255014aae4efaf7a06988c) Importer(-1,00000000000000000000000000000000) Starting cubemap convolution for '' (size 128)
...took 0.083 seconds
 -> (artifact id: 'f6f61e8b53951883ebac903780e6a4b5') in 0.233729 seconds 
========================================================================
Received Import Request.
  Time since last request: 0.000025 seconds.
  path: Assets/DavePixel/PirateCoin HDRP/Demo/Demo/HDRP/Light inf/ReflectionProbe-0.exr
  artifactKey: Guid(4e99d6fbfa0fdda4a9ada255e6fc364d) Importer(-1,00000000000000000000000000000000)
Start importing Assets/DavePixel/PirateCoin HDRP/Demo/Demo/HDRP/Light inf/ReflectionProbe-0.exr using Guid(4e99d6fbfa0fdda4a9ada255e6fc364d) Importer(-1,00000000000000000000000000000000) Starting cubemap convolution for '' (size 128)
...took 0.082 seconds
 -> (artifact id: '4a5c4c74719572d04389ebc0ecda1085') in 0.190069 seconds 
========================================================================
Received Import Request.
  Time since last request: 0.000030 seconds.
  path: Assets/DavePixel/PirateCoin/Demo/Texture/Table.png
  artifactKey: Guid(97db52571c1d48c49a15ac39f792654b) Importer(-1,00000000000000000000000000000000)
Start importing Assets/DavePixel/PirateCoin/Demo/Texture/Table.png using Guid(97db52571c1d48c49a15ac39f792654b) Importer(-1,00000000000000000000000000000000)  -> (artifact id: '93272cdf8ec016622a2387913ffdee56') in 0.020964 seconds 
========================================================================
Received Import Request.
  Time since last request: 0.000021 seconds.
  path: Assets/DavePixel/PirateCoin HDRP/Textures/Brass/Brass_MaskMap.png
  artifactKey: Guid(9a128b4529635eb4887856143d442e3b) Importer(-1,00000000000000000000000000000000)
Start importing Assets/DavePixel/PirateCoin HDRP/Textures/Brass/Brass_MaskMap.png using Guid(9a128b4529635eb4887856143d442e3b) Importer(-1,00000000000000000000000000000000)  -> (artifact id: 'fbe756a85619bfff2d8f52e955917c41') in 0.049322 seconds 
========================================================================
Received Import Request.
  Time since last request: 0.000019 seconds.
  path: Assets/DavePixel/PirateCoin/Textures/Brass/Coin_Low_lambert1_Height.png
  artifactKey: Guid(7c6b47ecbbe975e41bb849e3ab2732a5) Importer(-1,00000000000000000000000000000000)
Start importing Assets/DavePixel/PirateCoin/Textures/Brass/Coin_Low_lambert1_Height.png using Guid(7c6b47ecbbe975e41bb849e3ab2732a5) Importer(-1,00000000000000000000000000000000)  -> (artifact id: '36ed28f0426db1900fdc8f45d0233fbb') in 0.043094 seconds 
========================================================================
Received Import Request.
  Time since last request: 0.108179 seconds.
  path: Assets/DavePixel/PirateCoin HDRP/Models/PirateCoin.fbx
  artifactKey: Guid(5d0dbe9cd045eb6458b6aa0a6ffc0235) Importer(-1,00000000000000000000000000000000)
Start importing Assets/DavePixel/PirateCoin HDRP/Models/PirateCoin.fbx using Guid(5d0dbe9cd045eb6458b6aa0a6ffc0235) Importer(-1,00000000000000000000000000000000)  -> (artifact id: '5432fb0c6b0d9b8ae124bab7a54c1c8b') in 0.205738 seconds 
Editor requested this worker to shutdown with reason: Scaling down because of idle timeout
AssetImportWorker is now disconnected from the server
Process exiting
Exiting without the bug reporter. Application will terminate with return code 0