Using pre-set license
Built from '2021.3/staging' branch; Version is '2021.3.0f1 (6eacc8284459) revision 7253192'; Using compiler version '192829333'; Build Type 'Release'
OS: 'Windows 10  (10.0.21996) 64bit Professional' Language: 'en' Physical Memory: 16315 MB
BatchMode: 1, IsHumanControllingUs: 0, StartBugReporterOnCrash: 0, Is64bit: 1, IsPro: 1

COMMAND LINE ARGUMENTS:
E:\Unity\2021.3.0f1\Editor\Unity.exe
-adb2
-batchMode
-noUpm
-name
AssetImportWorker2
-projectPath
E:/Project/Stickman Run/Clone-Stickman-Run/Stick-Man-Run
-logFile
Logs/AssetImportWorker2.log
-srvPort
12589
Successfully changed project path to: E:/Project/Stickman Run/Clone-Stickman-Run/Stick-Man-Run
E:/Project/Stickman Run/Clone-Stickman-Run/Stick-Man-Run
[UnityMemory] Configuration Parameters - Can be set up in boot.config
    "memorysetup-bucket-allocator-granularity=16"
    "memorysetup-bucket-allocator-bucket-count=8"
    "memorysetup-bucket-allocator-block-size=33554432"
    "memorysetup-bucket-allocator-block-count=8"
    "memorysetup-main-allocator-block-size=16777216"
    "memorysetup-thread-allocator-block-size=16777216"
    "memorysetup-gfx-main-allocator-block-size=16777216"
    "memorysetup-gfx-thread-allocator-block-size=16777216"
    "memorysetup-cache-allocator-block-size=4194304"
    "memorysetup-typetree-allocator-block-size=2097152"
    "memorysetup-profiler-bucket-allocator-granularity=16"
    "memorysetup-profiler-bucket-allocator-bucket-count=8"
    "memorysetup-profiler-bucket-allocator-block-size=33554432"
    "memorysetup-profiler-bucket-allocator-block-count=8"
    "memorysetup-profiler-allocator-block-size=16777216"
    "memorysetup-profiler-editor-allocator-block-size=1048576"
    "memorysetup-temp-allocator-size-main=16777216"
    "memorysetup-job-temp-allocator-block-size=2097152"
    "memorysetup-job-temp-allocator-block-size-background=1048576"
    "memorysetup-job-temp-allocator-reduction-small-platforms=262144"
    "memorysetup-temp-allocator-size-background-worker=32768"
    "memorysetup-temp-allocator-size-job-worker=262144"
    "memorysetup-temp-allocator-size-preload-manager=33554432"
    "memorysetup-temp-allocator-size-nav-mesh-worker=65536"
    "memorysetup-temp-allocator-size-audio-worker=65536"
    "memorysetup-temp-allocator-size-cloud-worker=32768"
    "memorysetup-temp-allocator-size-gi-baking-worker=262144"
    "memorysetup-temp-allocator-size-gfx=262144"
Refreshing native plugins compatible for Editor in 86.52 ms, found 3 plugins.
Preloading 0 native plugins for Editor in 0.00 ms.
Initialize engine version: 2021.3.0f1 (6eacc8284459)
[Subsystems] Discovering subsystems at path E:/Unity/2021.3.0f1/Editor/Data/Resources/UnitySubsystems
[Subsystems] Discovering subsystems at path E:/Project/Stickman Run/Clone-Stickman-Run/Stick-Man-Run/Assets
GfxDevice: creating device client; threaded=0; jobified=0
Direct3D:
    Version:  Direct3D 11.0 [level 11.1]
    Renderer: NVIDIA GeForce RTX 2060 (ID=0x1f08)
    Vendor:   NVIDIA
    VRAM:     5980 MB
    Driver:   30.0.15.1259
Initialize mono
Mono path[0] = 'E:/Unity/2021.3.0f1/Editor/Data/Managed'
Mono path[1] = 'E:/Unity/2021.3.0f1/Editor/Data/MonoBleedingEdge/lib/mono/unityjit-win32'
Mono config path = 'E:/Unity/2021.3.0f1/Editor/Data/MonoBleedingEdge/etc'
Using monoOptions --debugger-agent=transport=dt_socket,embedding=1,server=y,suspend=n,address=127.0.0.1:56604
Begin MonoManager ReloadAssembly
Registering precompiled unity dll's ...
Register platform support module: E:/Unity/2021.3.0f1/Editor/Data/PlaybackEngines/WebGLSupport/UnityEditor.WebGL.Extensions.dll
Register platform support module: E:/Unity/2021.3.0f1/Editor/Data/PlaybackEngines/AndroidPlayer/UnityEditor.Android.Extensions.dll
Register platform support module: E:/Unity/2021.3.0f1/Editor/Data/PlaybackEngines/WindowsStandaloneSupport/UnityEditor.WindowsStandalone.Extensions.dll
Register platform support module: E:/Unity/2021.3.0f1/Editor/Data/PlaybackEngines/MetroSupport/UnityEditor.UWP.Extensions.dll
Registered in 0.003033 seconds.
Native extension for UWP target not found
Native extension for WindowsStandalone target not found
Native extension for Android target not found
Native extension for WebGL target not found
Refreshing native plugins compatible for Editor in 89.85 ms, found 3 plugins.
Preloading 0 native plugins for Editor in 0.00 ms.
Mono: successfully reloaded assembly
- Completed reload, in  0.632 seconds
Domain Reload Profiling:
	ReloadAssembly (633ms)
		BeginReloadAssembly (69ms)
			ExecutionOrderSort (0ms)
			DisableScriptedObjects (0ms)
			BackupInstance (0ms)
			ReleaseScriptingObjects (0ms)
			CreateAndSetChildDomain (1ms)
		EndReloadAssembly (461ms)
			LoadAssemblies (69ms)
			RebuildTransferFunctionScriptingTraits (0ms)
			SetupTypeCache (105ms)
			ReleaseScriptCaches (0ms)
			RebuildScriptCaches (28ms)
			SetupLoadedEditorAssemblies (282ms)
				LogAssemblyErrors (0ms)
				InitializePlatformSupportModulesInManaged (43ms)
				SetLoadedEditorAssemblies (0ms)
				RefreshPlugins (90ms)
				BeforeProcessingInitializeOnLoad (1ms)
				ProcessInitializeOnLoadAttributes (102ms)
				ProcessInitializeOnLoadMethodAttributes (45ms)
				AfterProcessingInitializeOnLoad (0ms)
				EditorAssembliesLoaded (0ms)
			ExecutionOrderSort2 (0ms)
			AwakeInstancesAfterBackupRestoration (0ms)
Platform modules already initialized, skipping
Registering precompiled user dll's ...
Registered in 0.005096 seconds.
Begin MonoManager ReloadAssembly
Symbol file LoadedFromMemory doesn't match image E:\Project\Stickman Run\Clone-Stickman-Run\Stick-Man-Run\Library\PackageCache\com.unity.visualscripting@1.7.6\Editor\VisualScripting.Core\Dependencies\YamlDotNet\Unity.VisualScripting.YamlDotNet.dll
Symbol file LoadedFromMemory is not a mono symbol file
Symbol file LoadedFromMemory doesn't match image E:\Project\Stickman Run\Clone-Stickman-Run\Stick-Man-Run\Library\PackageCache\com.unity.visualscripting@1.7.6\Editor\VisualScripting.Core\Dependencies\DotNetZip\Unity.VisualScripting.IonicZip.dll
Native extension for UWP target not found
Native extension for WindowsStandalone target not found
Native extension for Android target not found
Native extension for WebGL target not found
Refreshing native plugins compatible for Editor in 0.49 ms, found 3 plugins.
Preloading 0 native plugins for Editor in 0.00 ms.
Mono: successfully reloaded assembly
- Completed reload, in  0.996 seconds
Domain Reload Profiling:
	ReloadAssembly (996ms)
		BeginReloadAssembly (105ms)
			ExecutionOrderSort (0ms)
			DisableScriptedObjects (7ms)
			BackupInstance (0ms)
			ReleaseScriptingObjects (0ms)
			CreateAndSetChildDomain (20ms)
		EndReloadAssembly (774ms)
			LoadAssemblies (90ms)
			RebuildTransferFunctionScriptingTraits (0ms)
			SetupTypeCache (272ms)
			ReleaseScriptCaches (1ms)
			RebuildScriptCaches (46ms)
			SetupLoadedEditorAssemblies (329ms)
				LogAssemblyErrors (0ms)
				InitializePlatformSupportModulesInManaged (13ms)
				SetLoadedEditorAssemblies (0ms)
				RefreshPlugins (1ms)
				BeforeProcessingInitializeOnLoad (74ms)
				ProcessInitializeOnLoadAttributes (218ms)
				ProcessInitializeOnLoadMethodAttributes (21ms)
				AfterProcessingInitializeOnLoad (2ms)
				EditorAssembliesLoaded (0ms)
			ExecutionOrderSort2 (0ms)
			AwakeInstancesAfterBackupRestoration (5ms)
Platform modules already initialized, skipping
========================================================================
Worker process is ready to serve import requests
Launched and connected shader compiler UnityShaderCompiler.exe after 0.11 seconds
Refreshing native plugins compatible for Editor in 0.69 ms, found 3 plugins.
Preloading 0 native plugins for Editor in 0.00 ms.
Unloading 3290 Unused Serialized files (Serialized files now loaded: 0)
Unloading 24 unused Assets / (112.2 KB). Loaded Objects now: 3755.
Memory consumption went from 116.4 MB to 116.3 MB.
Total: 4.218400 ms (FindLiveObjects: 0.413600 ms CreateObjectMapping: 0.292200 ms MarkObjects: 3.411600 ms  DeleteObjects: 0.100000 ms)

AssetImportParameters requested are different than current active one (requested -> active):
  custom:video-decoder-ogg-theora: a1e56fd34408186e4bbccfd4996cb3dc -> 
  custom:container-muxer-webm: aa71ff27fc2769a1b78a27578f13a17b -> 
  custom:container-demuxer-webm: 4f35f7cbe854078d1ac9338744f61a02 -> 
  custom:video-encoder-webm-vp8: eb34c28f22e8b96e1ab97ce403110664 -> 
  custom:audio-encoder-webm-vorbis: bf7c407c2cedff20999df2af8eb42d56 -> 
  custom:framework-win-MediaFoundation: 216162199b28c13a410421893ffa2e32 -> 
  custom:container-demuxer-ogg: 62fdf1f143b41e24485cea50d1cbac27 -> 
  custom:video-decoder-webm-vp8: 9c59270c3fd7afecdb556c50c9e8de78 -> 
  custom:audio-decoder-ogg-vorbis: bf7c407c2cedff20999df2af8eb42d56 -> 
========================================================================
Received Import Request.
  Time since last request: 592326.272424 seconds.
  path: Assets/JMO Assets/Cartoon FX/Mesh/CFX_Mesh_CircularAngle.FBX
  artifactKey: Guid(cd0e4347930affd4f81cb4698d17c2ca) Importer(-1,00000000000000000000000000000000)
Start importing Assets/JMO Assets/Cartoon FX/Mesh/CFX_Mesh_CircularAngle.FBX using Guid(cd0e4347930affd4f81cb4698d17c2ca) Importer(-1,00000000000000000000000000000000)  -> (artifact id: 'b3471b59018c0817dd917e911084b85c') in 0.082130 seconds 
========================================================================
Received Import Request.
  Time since last request: 21.470496 seconds.
  path: Assets/JMO Assets/Cartoon FX
  artifactKey: Guid(c865e48369a325f4784ecd8444d1ec51) Importer(815301076,1909f56bfc062723c751e8b465ee728b)
Start importing Assets/JMO Assets/Cartoon FX using Guid(c865e48369a325f4784ecd8444d1ec51) Importer(815301076,1909f56bfc062723c751e8b465ee728b)  -> (artifact id: '83ac04612e2f89c9280d5e69a70d21fc') in 0.006989 seconds 
========================================================================
Received Import Request.
  Time since last request: 6.734181 seconds.
  path: Assets/JMO Assets/Cartoon FX/CFX Prefabs
  artifactKey: Guid(f348a2fb2f8a7fe4e82fb08818415884) Importer(815301076,1909f56bfc062723c751e8b465ee728b)
Start importing Assets/JMO Assets/Cartoon FX/CFX Prefabs using Guid(f348a2fb2f8a7fe4e82fb08818415884) Importer(815301076,1909f56bfc062723c751e8b465ee728b)  -> (artifact id: '71722d592699bb9410417cb1e4101be5') in 0.005755 seconds 
========================================================================
Received Import Request.
  Time since last request: 1.051929 seconds.
  path: Assets/JMO Assets/Cartoon FX/CFX Prefabs/Electric
  artifactKey: Guid(715add6d7a2eff443bf0aee3cf26e7fc) Importer(815301076,1909f56bfc062723c751e8b465ee728b)
Start importing Assets/JMO Assets/Cartoon FX/CFX Prefabs/Electric using Guid(715add6d7a2eff443bf0aee3cf26e7fc) Importer(815301076,1909f56bfc062723c751e8b465ee728b)  -> (artifact id: 'c69e8efd0ae3319afe7894d842575f29') in 0.004424 seconds 
========================================================================
Received Import Request.
  Time since last request: 0.099584 seconds.
  path: Assets/JMO Assets/Cartoon FX/CFX Prefabs/Electric/CFX_ElectricityBall.prefab
  artifactKey: Guid(77ec3c4e07a36814fb3169ecef41b50a) Importer(815301076,1909f56bfc062723c751e8b465ee728b)
Start importing Assets/JMO Assets/Cartoon FX/CFX Prefabs/Electric/CFX_ElectricityBall.prefab using Guid(77ec3c4e07a36814fb3169ecef41b50a) Importer(815301076,1909f56bfc062723c751e8b465ee728b)  -> (artifact id: '45d09af55a51fa74e84f36c5d890ad25') in 0.129253 seconds 
========================================================================
Received Import Request.
  Time since last request: 1.249133 seconds.
  path: Assets/JMO Assets/Cartoon FX/Materials/Animated/CFX_Anim_Electricity_Add.mat
  artifactKey: Guid(fcb97c6faf083ca4f978210036f3832b) Importer(815301076,1909f56bfc062723c751e8b465ee728b)
Start importing Assets/JMO Assets/Cartoon FX/Materials/Animated/CFX_Anim_Electricity_Add.mat using Guid(fcb97c6faf083ca4f978210036f3832b) Importer(815301076,1909f56bfc062723c751e8b465ee728b)  -> (artifact id: '1f89b186159f597e6249136d7e8f07c3') in 0.149240 seconds 
========================================================================
Received Import Request.
  Time since last request: 8.917822 seconds.
  path: Assets/JMO Assets/Cartoon FX Easy Editor
  artifactKey: Guid(7a7171bf41aeb6949b08451fbcd42dd7) Importer(815301076,1909f56bfc062723c751e8b465ee728b)
Start importing Assets/JMO Assets/Cartoon FX Easy Editor using Guid(7a7171bf41aeb6949b08451fbcd42dd7) Importer(815301076,1909f56bfc062723c751e8b465ee728b)  -> (artifact id: 'd6d3aa3cc4e94c57c45cff36ac89d238') in 0.004405 seconds 
========================================================================
Received Import Request.
  Time since last request: 1.586199 seconds.
  path: Assets/JMO Assets/Cartoon FX Easy Editor/Editor
  artifactKey: Guid(ef74fe7f8dfc6894481d107231650819) Importer(815301076,1909f56bfc062723c751e8b465ee728b)
Start importing Assets/JMO Assets/Cartoon FX Easy Editor/Editor using Guid(ef74fe7f8dfc6894481d107231650819) Importer(815301076,1909f56bfc062723c751e8b465ee728b)  -> (artifact id: '8cb3bcdc5e950e0d9dbef571777e910a') in 0.005067 seconds 
========================================================================
Received Import Request.
  Time since last request: 4.243345 seconds.
  path: Assets/JMO Assets/Editor
  artifactKey: Guid(632cca2d5218983499321573c76c8e8a) Importer(815301076,1909f56bfc062723c751e8b465ee728b)
Start importing Assets/JMO Assets/Editor using Guid(632cca2d5218983499321573c76c8e8a) Importer(815301076,1909f56bfc062723c751e8b465ee728b)  -> (artifact id: 'f48b465c112cd2fc2958f1d7a7092da9') in 0.001792 seconds 
========================================================================
Received Import Request.
  Time since last request: 2.638457 seconds.
  path: Assets/JMO Assets/Cartoon FX Easy Editor/CartoonFX Easy Editor Readme.txt
  artifactKey: Guid(459d1fc7f02e45a45806af5efd38b025) Importer(815301076,1909f56bfc062723c751e8b465ee728b)
Start importing Assets/JMO Assets/Cartoon FX Easy Editor/CartoonFX Easy Editor Readme.txt using Guid(459d1fc7f02e45a45806af5efd38b025) Importer(815301076,1909f56bfc062723c751e8b465ee728b)  -> (artifact id: '3fc16414d7e99773e8f7647b14d4d5d6') in 0.033042 seconds 
========================================================================
Received Import Request.
  Time since last request: 44.283559 seconds.
  path: Assets/JMO Assets/Cartoon FX/Materials
  artifactKey: Guid(1b2e8b4034e02a44fa55a6d381d7d2f9) Importer(815301076,1909f56bfc062723c751e8b465ee728b)
Start importing Assets/JMO Assets/Cartoon FX/Materials using Guid(1b2e8b4034e02a44fa55a6d381d7d2f9) Importer(815301076,1909f56bfc062723c751e8b465ee728b)  -> (artifact id: '46b6131757563a8681c83f1f96ef3eed') in 0.005145 seconds 
========================================================================
Received Import Request.
  Time since last request: 1.433652 seconds.
  path: Assets/JMO Assets/Cartoon FX/Materials/Animated
  artifactKey: Guid(a55c4f7a0bc0aa04d91e8e6b1d798218) Importer(815301076,1909f56bfc062723c751e8b465ee728b)
Start importing Assets/JMO Assets/Cartoon FX/Materials/Animated using Guid(a55c4f7a0bc0aa04d91e8e6b1d798218) Importer(815301076,1909f56bfc062723c751e8b465ee728b)  -> (artifact id: '04d5f617d24d08e08165a24b08942dc0') in 0.004204 seconds 
========================================================================
Received Import Request.
  Time since last request: 0.067631 seconds.
  path: Assets/JMO Assets/Cartoon FX/Materials/Animated/CFX2_Anim_Bat Multiply.mat
  artifactKey: Guid(653d8478f72eda9478f558c843ccb9f7) Importer(815301076,1909f56bfc062723c751e8b465ee728b)
Start importing Assets/JMO Assets/Cartoon FX/Materials/Animated/CFX2_Anim_Bat Multiply.mat using Guid(653d8478f72eda9478f558c843ccb9f7) Importer(815301076,1909f56bfc062723c751e8b465ee728b)  -> (artifact id: '22a719135b5a9f8494a0d5db4267f54f') in 0.048195 seconds 
========================================================================
Received Import Request.
  Time since last request: 0.000026 seconds.
  path: Assets/JMO Assets/Cartoon FX/Materials/Animated/CFX_Anim_Triangle2_Add.mat
  artifactKey: Guid(92089ba5e33f01d418da1bd5ba5c31a6) Importer(815301076,1909f56bfc062723c751e8b465ee728b)
Start importing Assets/JMO Assets/Cartoon FX/Materials/Animated/CFX_Anim_Triangle2_Add.mat using Guid(92089ba5e33f01d418da1bd5ba5c31a6) Importer(815301076,1909f56bfc062723c751e8b465ee728b)  -> (artifact id: '78ed9406f2251a261eff08f7d7de36ef') in 0.011046 seconds 
========================================================================
Received Import Request.
  Time since last request: 0.000043 seconds.
  path: Assets/JMO Assets/Cartoon FX/Materials/Animated/CFX_Anim_Poof_AddSoft.mat
  artifactKey: Guid(74a6f6cd13c058a43858627e5383715e) Importer(815301076,1909f56bfc062723c751e8b465ee728b)
Start importing Assets/JMO Assets/Cartoon FX/Materials/Animated/CFX_Anim_Poof_AddSoft.mat using Guid(74a6f6cd13c058a43858627e5383715e) Importer(815301076,1909f56bfc062723c751e8b465ee728b)  -> (artifact id: '82583d2606752c6090c05a5103497908') in 0.033382 seconds 
========================================================================
Received Import Request.
  Time since last request: 0.000021 seconds.
  path: Assets/JMO Assets/Cartoon FX/Materials/Animated/CFX_Anim_Triangle3_Add.mat
  artifactKey: Guid(b03f3e8f44fe09d48af2ab4d04ddbddb) Importer(815301076,1909f56bfc062723c751e8b465ee728b)
Start importing Assets/JMO Assets/Cartoon FX/Materials/Animated/CFX_Anim_Triangle3_Add.mat using Guid(b03f3e8f44fe09d48af2ab4d04ddbddb) Importer(815301076,1909f56bfc062723c751e8b465ee728b)  -> (artifact id: 'e2147c6fb804b6c81ca9ad7dcec0a721') in 0.012061 seconds 
========================================================================
Received Import Request.
  Time since last request: 0.000017 seconds.
  path: Assets/JMO Assets/Cartoon FX/Materials/Animated/CFX_Anim_Poof_Add.mat
  artifactKey: Guid(e3d4119c3e4597d4b90fc27f1419ca4b) Importer(815301076,1909f56bfc062723c751e8b465ee728b)
Start importing Assets/JMO Assets/Cartoon FX/Materials/Animated/CFX_Anim_Poof_Add.mat using Guid(e3d4119c3e4597d4b90fc27f1419ca4b) Importer(815301076,1909f56bfc062723c751e8b465ee728b)  -> (artifact id: 'bcd3519aa416850e88949492609032c8') in 0.009604 seconds 
========================================================================
Received Import Request.
  Time since last request: 0.000016 seconds.
  path: Assets/JMO Assets/Cartoon FX/Materials/Animated/CFX_Anim_Triangle2_AlphaBlendedPremult.mat
  artifactKey: Guid(4d5a52cb18e09b843887aee389016b8d) Importer(815301076,1909f56bfc062723c751e8b465ee728b)
Start importing Assets/JMO Assets/Cartoon FX/Materials/Animated/CFX_Anim_Triangle2_AlphaBlendedPremult.mat using Guid(4d5a52cb18e09b843887aee389016b8d) Importer(815301076,1909f56bfc062723c751e8b465ee728b)  -> (artifact id: 'f5603328e21de8ed144a80ca323ebbd2') in 0.030655 seconds 
========================================================================
Received Import Request.
  Time since last request: 0.000013 seconds.
  path: Assets/JMO Assets/Cartoon FX/Materials/Animated/CFX_Anim_Triangle3_Mult.mat
  artifactKey: Guid(b80f90b03c314184d815078631addca8) Importer(815301076,1909f56bfc062723c751e8b465ee728b)
Start importing Assets/JMO Assets/Cartoon FX/Materials/Animated/CFX_Anim_Triangle3_Mult.mat using Guid(b80f90b03c314184d815078631addca8) Importer(815301076,1909f56bfc062723c751e8b465ee728b)  -> (artifact id: '364c823f891557aca53647f81c701bc0') in 0.011534 seconds 
========================================================================
Received Import Request.
  Time since last request: 0.000023 seconds.
  path: Assets/JMO Assets/Cartoon FX/Materials/Animated/CFX_Anim_Triangle_AddSoft.mat
  artifactKey: Guid(944bc1016f6ac38439ec1bf04fab9550) Importer(815301076,1909f56bfc062723c751e8b465ee728b)
Start importing Assets/JMO Assets/Cartoon FX/Materials/Animated/CFX_Anim_Triangle_AddSoft.mat using Guid(944bc1016f6ac38439ec1bf04fab9550) Importer(815301076,1909f56bfc062723c751e8b465ee728b)  -> (artifact id: 'fec7515f42c1170d205178058b0351ba') in 0.010666 seconds 
========================================================================
Received Prepare
Registering precompiled user dll's ...
Registered in 0.002903 seconds.
Begin MonoManager ReloadAssembly
Symbol file LoadedFromMemory doesn't match image E:\Project\Stickman Run\Clone-Stickman-Run\Stick-Man-Run\Library\PackageCache\com.unity.visualscripting@1.7.6\Editor\VisualScripting.Core\Dependencies\YamlDotNet\Unity.VisualScripting.YamlDotNet.dll
Symbol file LoadedFromMemory is not a mono symbol file
Symbol file LoadedFromMemory doesn't match image E:\Project\Stickman Run\Clone-Stickman-Run\Stick-Man-Run\Library\PackageCache\com.unity.visualscripting@1.7.6\Editor\VisualScripting.Core\Dependencies\DotNetZip\Unity.VisualScripting.IonicZip.dll
Native extension for UWP target not found
Native extension for WindowsStandalone target not found
Native extension for Android target not found
Native extension for WebGL target not found
Refreshing native plugins compatible for Editor in 0.85 ms, found 3 plugins.
Preloading 0 native plugins for Editor in 0.00 ms.
Mono: successfully reloaded assembly
- Completed reload, in  1.037 seconds
Domain Reload Profiling:
	ReloadAssembly (1037ms)
		BeginReloadAssembly (118ms)
			ExecutionOrderSort (0ms)
			DisableScriptedObjects (4ms)
			BackupInstance (0ms)
			ReleaseScriptingObjects (0ms)
			CreateAndSetChildDomain (35ms)
		EndReloadAssembly (825ms)
			LoadAssemblies (85ms)
			RebuildTransferFunctionScriptingTraits (0ms)
			SetupTypeCache (258ms)
			ReleaseScriptCaches (1ms)
			RebuildScriptCaches (47ms)
			SetupLoadedEditorAssemblies (370ms)
				LogAssemblyErrors (0ms)
				InitializePlatformSupportModulesInManaged (29ms)
				SetLoadedEditorAssemblies (1ms)
				RefreshPlugins (1ms)
				BeforeProcessingInitializeOnLoad (74ms)
				ProcessInitializeOnLoadAttributes (234ms)
				ProcessInitializeOnLoadMethodAttributes (28ms)
				AfterProcessingInitializeOnLoad (3ms)
				EditorAssembliesLoaded (0ms)
			ExecutionOrderSort2 (0ms)
			AwakeInstancesAfterBackupRestoration (8ms)
Platform modules already initialized, skipping
Refreshing native plugins compatible for Editor in 1.30 ms, found 3 plugins.
Preloading 0 native plugins for Editor in 0.00 ms.
Unloading 3273 Unused Serialized files (Serialized files now loaded: 0)
Unloading 20 unused Assets / (127.8 KB). Loaded Objects now: 3801.
Memory consumption went from 119.9 MB to 119.8 MB.
Total: 4.233600 ms (FindLiveObjects: 0.318400 ms CreateObjectMapping: 0.229600 ms MarkObjects: 3.547600 ms  DeleteObjects: 0.136700 ms)

AssetImportParameters requested are different than current active one (requested -> active):
  custom:video-decoder-ogg-theora: a1e56fd34408186e4bbccfd4996cb3dc -> 
  custom:container-muxer-webm: aa71ff27fc2769a1b78a27578f13a17b -> 
  custom:container-demuxer-webm: 4f35f7cbe854078d1ac9338744f61a02 -> 
  custom:video-encoder-webm-vp8: eb34c28f22e8b96e1ab97ce403110664 -> 
  custom:audio-encoder-webm-vorbis: bf7c407c2cedff20999df2af8eb42d56 -> 
  custom:framework-win-MediaFoundation: 216162199b28c13a410421893ffa2e32 -> 
  custom:container-demuxer-ogg: 62fdf1f143b41e24485cea50d1cbac27 -> 
  custom:video-decoder-webm-vp8: 9c59270c3fd7afecdb556c50c9e8de78 -> 
  custom:audio-decoder-ogg-vorbis: bf7c407c2cedff20999df2af8eb42d56 -> 
Editor requested this worker to shutdown with reason: Scaling down because of idle timeout
AssetImportWorker is now disconnected from the server
Process exiting
Exiting without the bug reporter. Application will terminate with return code 0