Using pre-set license
Built from '2021.3/staging' branch; Version is '2021.3.0f1 (6eacc8284459) revision 7253192'; Using compiler version '192829333'; Build Type 'Release'
OS: 'Windows 10  (10.0.21996) 64bit Professional' Language: 'en' Physical Memory: 16315 MB
BatchMode: 1, IsHumanControllingUs: 0, StartBugReporterOnCrash: 0, Is64bit: 1, IsPro: 1

COMMAND LINE ARGUMENTS:
E:\Unity\2021.3.0f1\Editor\Unity.exe
-adb2
-batchMode
-noUpm
-name
AssetImportWorker0
-projectPath
E:/Project/Stickman Run/Clone-Stickman-Run/Stick-Man-Run
-logFile
Logs/AssetImportWorker0.log
-srvPort
12589
Successfully changed project path to: E:/Project/Stickman Run/Clone-Stickman-Run/Stick-Man-Run
E:/Project/Stickman Run/Clone-Stickman-Run/Stick-Man-Run
[UnityMemory] Configuration Parameters - Can be set up in boot.config
    "memorysetup-bucket-allocator-granularity=16"
    "memorysetup-bucket-allocator-bucket-count=8"
    "memorysetup-bucket-allocator-block-size=33554432"
    "memorysetup-bucket-allocator-block-count=8"
    "memorysetup-main-allocator-block-size=16777216"
    "memorysetup-thread-allocator-block-size=16777216"
    "memorysetup-gfx-main-allocator-block-size=16777216"
    "memorysetup-gfx-thread-allocator-block-size=16777216"
    "memorysetup-cache-allocator-block-size=4194304"
    "memorysetup-typetree-allocator-block-size=2097152"
    "memorysetup-profiler-bucket-allocator-granularity=16"
    "memorysetup-profiler-bucket-allocator-bucket-count=8"
    "memorysetup-profiler-bucket-allocator-block-size=33554432"
    "memorysetup-profiler-bucket-allocator-block-count=8"
    "memorysetup-profiler-allocator-block-size=16777216"
    "memorysetup-profiler-editor-allocator-block-size=1048576"
    "memorysetup-temp-allocator-size-main=16777216"
    "memorysetup-job-temp-allocator-block-size=2097152"
    "memorysetup-job-temp-allocator-block-size-background=1048576"
    "memorysetup-job-temp-allocator-reduction-small-platforms=262144"
    "memorysetup-temp-allocator-size-background-worker=32768"
    "memorysetup-temp-allocator-size-job-worker=262144"
    "memorysetup-temp-allocator-size-preload-manager=33554432"
    "memorysetup-temp-allocator-size-nav-mesh-worker=65536"
    "memorysetup-temp-allocator-size-audio-worker=65536"
    "memorysetup-temp-allocator-size-cloud-worker=32768"
    "memorysetup-temp-allocator-size-gi-baking-worker=262144"
    "memorysetup-temp-allocator-size-gfx=262144"
Refreshing native plugins compatible for Editor in 90.53 ms, found 3 plugins.
Preloading 0 native plugins for Editor in 0.00 ms.
Initialize engine version: 2021.3.0f1 (6eacc8284459)
[Subsystems] Discovering subsystems at path E:/Unity/2021.3.0f1/Editor/Data/Resources/UnitySubsystems
[Subsystems] Discovering subsystems at path E:/Project/Stickman Run/Clone-Stickman-Run/Stick-Man-Run/Assets
GfxDevice: creating device client; threaded=0; jobified=0
Direct3D:
    Version:  Direct3D 11.0 [level 11.1]
    Renderer: NVIDIA GeForce RTX 2060 (ID=0x1f08)
    Vendor:   NVIDIA
    VRAM:     5980 MB
    Driver:   30.0.15.1259
Initialize mono
Mono path[0] = 'E:/Unity/2021.3.0f1/Editor/Data/Managed'
Mono path[1] = 'E:/Unity/2021.3.0f1/Editor/Data/MonoBleedingEdge/lib/mono/unityjit-win32'
Mono config path = 'E:/Unity/2021.3.0f1/Editor/Data/MonoBleedingEdge/etc'
Using monoOptions --debugger-agent=transport=dt_socket,embedding=1,server=y,suspend=n,address=127.0.0.1:56348
Begin MonoManager ReloadAssembly
Registering precompiled unity dll's ...
Register platform support module: E:/Unity/2021.3.0f1/Editor/Data/PlaybackEngines/WebGLSupport/UnityEditor.WebGL.Extensions.dll
Register platform support module: E:/Unity/2021.3.0f1/Editor/Data/PlaybackEngines/AndroidPlayer/UnityEditor.Android.Extensions.dll
Register platform support module: E:/Unity/2021.3.0f1/Editor/Data/PlaybackEngines/WindowsStandaloneSupport/UnityEditor.WindowsStandalone.Extensions.dll
Register platform support module: E:/Unity/2021.3.0f1/Editor/Data/PlaybackEngines/MetroSupport/UnityEditor.UWP.Extensions.dll
Registered in 0.003294 seconds.
Native extension for UWP target not found
Native extension for WindowsStandalone target not found
Native extension for Android target not found
Native extension for WebGL target not found
Refreshing native plugins compatible for Editor in 78.95 ms, found 3 plugins.
Preloading 0 native plugins for Editor in 0.00 ms.
Mono: successfully reloaded assembly
- Completed reload, in  0.604 seconds
Domain Reload Profiling:
	ReloadAssembly (604ms)
		BeginReloadAssembly (68ms)
			ExecutionOrderSort (0ms)
			DisableScriptedObjects (0ms)
			BackupInstance (0ms)
			ReleaseScriptingObjects (0ms)
			CreateAndSetChildDomain (1ms)
		EndReloadAssembly (428ms)
			LoadAssemblies (68ms)
			RebuildTransferFunctionScriptingTraits (0ms)
			SetupTypeCache (104ms)
			ReleaseScriptCaches (0ms)
			RebuildScriptCaches (27ms)
			SetupLoadedEditorAssemblies (251ms)
				LogAssemblyErrors (0ms)
				InitializePlatformSupportModulesInManaged (38ms)
				SetLoadedEditorAssemblies (0ms)
				RefreshPlugins (79ms)
				BeforeProcessingInitializeOnLoad (1ms)
				ProcessInitializeOnLoadAttributes (92ms)
				ProcessInitializeOnLoadMethodAttributes (40ms)
				AfterProcessingInitializeOnLoad (0ms)
				EditorAssembliesLoaded (0ms)
			ExecutionOrderSort2 (0ms)
			AwakeInstancesAfterBackupRestoration (0ms)
Platform modules already initialized, skipping
Registering precompiled user dll's ...
Registered in 0.002819 seconds.
Begin MonoManager ReloadAssembly
Symbol file LoadedFromMemory doesn't match image E:\Project\Stickman Run\Clone-Stickman-Run\Stick-Man-Run\Library\PackageCache\com.unity.visualscripting@1.7.6\Editor\VisualScripting.Core\Dependencies\YamlDotNet\Unity.VisualScripting.YamlDotNet.dll
Symbol file LoadedFromMemory is not a mono symbol file
Symbol file LoadedFromMemory doesn't match image E:\Project\Stickman Run\Clone-Stickman-Run\Stick-Man-Run\Library\PackageCache\com.unity.visualscripting@1.7.6\Editor\VisualScripting.Core\Dependencies\DotNetZip\Unity.VisualScripting.IonicZip.dll
Native extension for UWP target not found
Native extension for WindowsStandalone target not found
Native extension for Android target not found
Native extension for WebGL target not found
Refreshing native plugins compatible for Editor in 0.47 ms, found 3 plugins.
Preloading 0 native plugins for Editor in 0.00 ms.
Mono: successfully reloaded assembly
- Completed reload, in  0.960 seconds
Domain Reload Profiling:
	ReloadAssembly (961ms)
		BeginReloadAssembly (100ms)
			ExecutionOrderSort (0ms)
			DisableScriptedObjects (5ms)
			BackupInstance (0ms)
			ReleaseScriptingObjects (0ms)
			CreateAndSetChildDomain (19ms)
		EndReloadAssembly (765ms)
			LoadAssemblies (81ms)
			RebuildTransferFunctionScriptingTraits (0ms)
			SetupTypeCache (284ms)
			ReleaseScriptCaches (1ms)
			RebuildScriptCaches (49ms)
			SetupLoadedEditorAssemblies (315ms)
				LogAssemblyErrors (0ms)
				InitializePlatformSupportModulesInManaged (14ms)
				SetLoadedEditorAssemblies (0ms)
				RefreshPlugins (1ms)
				BeforeProcessingInitializeOnLoad (75ms)
				ProcessInitializeOnLoadAttributes (202ms)
				ProcessInitializeOnLoadMethodAttributes (21ms)
				AfterProcessingInitializeOnLoad (2ms)
				EditorAssembliesLoaded (0ms)
			ExecutionOrderSort2 (0ms)
			AwakeInstancesAfterBackupRestoration (6ms)
Platform modules already initialized, skipping
========================================================================
Worker process is ready to serve import requests
Launched and connected shader compiler UnityShaderCompiler.exe after 0.06 seconds
Refreshing native plugins compatible for Editor in 0.49 ms, found 3 plugins.
Preloading 0 native plugins for Editor in 0.00 ms.
Unloading 3278 Unused Serialized files (Serialized files now loaded: 0)
Unloading 23 unused Assets / (112.1 KB). Loaded Objects now: 3743.
Memory consumption went from 116.0 MB to 115.9 MB.
Total: 2.812800 ms (FindLiveObjects: 0.259400 ms CreateObjectMapping: 0.201100 ms MarkObjects: 2.264500 ms  DeleteObjects: 0.086700 ms)

AssetImportParameters requested are different than current active one (requested -> active):
  custom:video-decoder-ogg-theora: a1e56fd34408186e4bbccfd4996cb3dc -> 
  custom:container-muxer-webm: aa71ff27fc2769a1b78a27578f13a17b -> 
  custom:container-demuxer-webm: 4f35f7cbe854078d1ac9338744f61a02 -> 
  custom:video-encoder-webm-vp8: eb34c28f22e8b96e1ab97ce403110664 -> 
  custom:audio-encoder-webm-vorbis: bf7c407c2cedff20999df2af8eb42d56 -> 
  custom:framework-win-MediaFoundation: 216162199b28c13a410421893ffa2e32 -> 
  custom:container-demuxer-ogg: 62fdf1f143b41e24485cea50d1cbac27 -> 
  custom:video-decoder-webm-vp8: 9c59270c3fd7afecdb556c50c9e8de78 -> 
  custom:audio-decoder-ogg-vorbis: bf7c407c2cedff20999df2af8eb42d56 -> 
========================================================================
Received Import Request.
  Time since last request: 592294.353343 seconds.
  path: Assets/Prefabs/Pickup Yellow.prefab
  artifactKey: Guid(3f804e5a24f317b47b8ac9d284f59a28) Importer(815301076,1909f56bfc062723c751e8b465ee728b)
Start importing Assets/Prefabs/Pickup Yellow.prefab using Guid(3f804e5a24f317b47b8ac9d284f59a28) Importer(815301076,1909f56bfc062723c751e8b465ee728b)  -> (artifact id: '1ad64258c21db1d164e80da6347d04f9') in 0.174211 seconds 
========================================================================
Received Import Request.
  Time since last request: 0.000015 seconds.
  path: Assets/Prefabs/Stickman_heads_sphere 1.prefab
  artifactKey: Guid(b6e9258eebc23604b84f8868d9527f67) Importer(815301076,1909f56bfc062723c751e8b465ee728b)
Start importing Assets/Prefabs/Stickman_heads_sphere 1.prefab using Guid(b6e9258eebc23604b84f8868d9527f67) Importer(815301076,1909f56bfc062723c751e8b465ee728b)  -> (artifact id: '6b06fa31b1c87c70af797eb1ed023c82') in 0.044855 seconds 
========================================================================
Received Prepare
Registering precompiled user dll's ...
Registered in 0.003039 seconds.
Begin MonoManager ReloadAssembly
Symbol file LoadedFromMemory doesn't match image E:\Project\Stickman Run\Clone-Stickman-Run\Stick-Man-Run\Library\PackageCache\com.unity.visualscripting@1.7.6\Editor\VisualScripting.Core\Dependencies\YamlDotNet\Unity.VisualScripting.YamlDotNet.dll
Symbol file LoadedFromMemory is not a mono symbol file
Symbol file LoadedFromMemory doesn't match image E:\Project\Stickman Run\Clone-Stickman-Run\Stick-Man-Run\Library\PackageCache\com.unity.visualscripting@1.7.6\Editor\VisualScripting.Core\Dependencies\DotNetZip\Unity.VisualScripting.IonicZip.dll
Native extension for UWP target not found
Native extension for WindowsStandalone target not found
Native extension for Android target not found
Native extension for WebGL target not found
Refreshing native plugins compatible for Editor in 0.53 ms, found 3 plugins.
Preloading 0 native plugins for Editor in 0.00 ms.
Mono: successfully reloaded assembly
- Completed reload, in  0.919 seconds
Domain Reload Profiling:
	ReloadAssembly (919ms)
		BeginReloadAssembly (135ms)
			ExecutionOrderSort (0ms)
			DisableScriptedObjects (7ms)
			BackupInstance (0ms)
			ReleaseScriptingObjects (0ms)
			CreateAndSetChildDomain (38ms)
		EndReloadAssembly (698ms)
			LoadAssemblies (88ms)
			RebuildTransferFunctionScriptingTraits (0ms)
			SetupTypeCache (239ms)
			ReleaseScriptCaches (1ms)
			RebuildScriptCaches (44ms)
			SetupLoadedEditorAssemblies (286ms)
				LogAssemblyErrors (0ms)
				InitializePlatformSupportModulesInManaged (21ms)
				SetLoadedEditorAssemblies (0ms)
				RefreshPlugins (1ms)
				BeforeProcessingInitializeOnLoad (55ms)
				ProcessInitializeOnLoadAttributes (183ms)
				ProcessInitializeOnLoadMethodAttributes (21ms)
				AfterProcessingInitializeOnLoad (4ms)
				EditorAssembliesLoaded (0ms)
			ExecutionOrderSort2 (0ms)
			AwakeInstancesAfterBackupRestoration (9ms)
Platform modules already initialized, skipping
Refreshing native plugins compatible for Editor in 1.31 ms, found 3 plugins.
Preloading 0 native plugins for Editor in 0.00 ms.
Unloading 3271 Unused Serialized files (Serialized files now loaded: 0)
Unloading 17 unused Assets / (79.2 KB). Loaded Objects now: 3765.
Memory consumption went from 131.9 MB to 131.8 MB.
Total: 2.692400 ms (FindLiveObjects: 0.231300 ms CreateObjectMapping: 0.138500 ms MarkObjects: 2.257000 ms  DeleteObjects: 0.064600 ms)

AssetImportParameters requested are different than current active one (requested -> active):
  custom:video-decoder-ogg-theora: a1e56fd34408186e4bbccfd4996cb3dc -> 
  custom:container-muxer-webm: aa71ff27fc2769a1b78a27578f13a17b -> 
  custom:container-demuxer-webm: 4f35f7cbe854078d1ac9338744f61a02 -> 
  custom:video-encoder-webm-vp8: eb34c28f22e8b96e1ab97ce403110664 -> 
  custom:audio-encoder-webm-vorbis: bf7c407c2cedff20999df2af8eb42d56 -> 
  custom:framework-win-MediaFoundation: 216162199b28c13a410421893ffa2e32 -> 
  custom:container-demuxer-ogg: 62fdf1f143b41e24485cea50d1cbac27 -> 
  custom:video-decoder-webm-vp8: 9c59270c3fd7afecdb556c50c9e8de78 -> 
  custom:audio-decoder-ogg-vorbis: bf7c407c2cedff20999df2af8eb42d56 -> 
========================================================================
Received Import Request.
  Time since last request: 29.830455 seconds.
  path: Assets/JMO Assets/Cartoon FX/Demo/UI Canvas/CFX1 Demo Logo.png
  artifactKey: Guid(f7c98b268308d794b8148d0c2914372d) Importer(-1,00000000000000000000000000000000)
Start importing Assets/JMO Assets/Cartoon FX/Demo/UI Canvas/CFX1 Demo Logo.png using Guid(f7c98b268308d794b8148d0c2914372d) Importer(-1,00000000000000000000000000000000)  -> (artifact id: '3a5d56f003a7b7572d54e04fd707091c') in 0.086363 seconds 
========================================================================
Received Import Request.
  Time since last request: 0.000016 seconds.
  path: Assets/JMO Assets/Cartoon FX/Textures/CFX_T_Anim4_Bubble.png
  artifactKey: Guid(12d6e56bbf4ac7a419ac250680dfae07) Importer(-1,00000000000000000000000000000000)
Start importing Assets/JMO Assets/Cartoon FX/Textures/CFX_T_Anim4_Bubble.png using Guid(12d6e56bbf4ac7a419ac250680dfae07) Importer(-1,00000000000000000000000000000000)  -> (artifact id: 'c317a387649581cd51fc2ae97caccb29') in 0.025301 seconds 
========================================================================
Received Import Request.
  Time since last request: 0.000023 seconds.
  path: Assets/JMO Assets/Cartoon FX/Textures/CFX3_T_AuraRays.png
  artifactKey: Guid(7bb9dadd2444bf3439822eed5645b2a0) Importer(-1,00000000000000000000000000000000)
Start importing Assets/JMO Assets/Cartoon FX/Textures/CFX3_T_AuraRays.png using Guid(7bb9dadd2444bf3439822eed5645b2a0) Importer(-1,00000000000000000000000000000000)  -> (artifact id: '8f982db3c9019042a2d1b1c564895d0b') in 0.051464 seconds 
========================================================================
Received Import Request.
  Time since last request: 0.000015 seconds.
  path: Assets/JMO Assets/Cartoon FX/Textures/CFX3_T_RayStraight.png
  artifactKey: Guid(25fe726fd84d1154790a6f91bccc02c5) Importer(-1,00000000000000000000000000000000)
Start importing Assets/JMO Assets/Cartoon FX/Textures/CFX3_T_RayStraight.png using Guid(25fe726fd84d1154790a6f91bccc02c5) Importer(-1,00000000000000000000000000000000)  -> (artifact id: '0471087ccd00fc45f8aead18b5381cc4') in 0.033014 seconds 
========================================================================
Received Import Request.
  Time since last request: 0.000019 seconds.
  path: Assets/JMO Assets/Cartoon FX/Demo/UI Canvas/CFX Demo Btn Ground H.png
  artifactKey: Guid(5cc9c4a6db9a74a40aaed761fc99294c) Importer(-1,00000000000000000000000000000000)
Start importing Assets/JMO Assets/Cartoon FX/Demo/UI Canvas/CFX Demo Btn Ground H.png using Guid(5cc9c4a6db9a74a40aaed761fc99294c) Importer(-1,00000000000000000000000000000000)  -> (artifact id: '3edf4121ba05d5847249ad6a506b4310') in 0.030342 seconds 
========================================================================
Received Import Request.
  Time since last request: 0.000031 seconds.
  path: Assets/JMO Assets/Cartoon FX/Textures/CFX2_T_WWInvSmoke ABP.png
  artifactKey: Guid(c4e3abfa6e9926248871f8c55bbbc57d) Importer(-1,00000000000000000000000000000000)
Start importing Assets/JMO Assets/Cartoon FX/Textures/CFX2_T_WWInvSmoke ABP.png using Guid(c4e3abfa6e9926248871f8c55bbbc57d) Importer(-1,00000000000000000000000000000000)  -> (artifact id: 'c5d845aac8dd7d4feb14f614679c02ca') in 0.011529 seconds 
========================================================================
Received Import Request.
  Time since last request: 0.000016 seconds.
  path: Assets/JMO Assets/Cartoon FX/Textures/CFX4_T_Foam A8.png
  artifactKey: Guid(9dd1a066ff7a96b4fa6bc237ac8d61e8) Importer(-1,00000000000000000000000000000000)
Start importing Assets/JMO Assets/Cartoon FX/Textures/CFX4_T_Foam A8.png using Guid(9dd1a066ff7a96b4fa6bc237ac8d61e8) Importer(-1,00000000000000000000000000000000)  -> (artifact id: 'a4f5f3620cbc53982190977318aa720b') in 0.010344 seconds 
========================================================================
Received Import Request.
  Time since last request: 0.000027 seconds.
  path: Assets/JMO Assets/Cartoon FX/Demo/UI Canvas/CFX4 Demo Logo.png
  artifactKey: Guid(db8ec42c9f48282458fe93cfc5f48a18) Importer(-1,00000000000000000000000000000000)
Start importing Assets/JMO Assets/Cartoon FX/Demo/UI Canvas/CFX4 Demo Logo.png using Guid(db8ec42c9f48282458fe93cfc5f48a18) Importer(-1,00000000000000000000000000000000)  -> (artifact id: '365baf186002ea4a82f4a00809ea3e14') in 0.016733 seconds 
========================================================================
Received Import Request.
  Time since last request: 0.000018 seconds.
  path: Assets/JMO Assets/Cartoon FX/Textures/CFX3_T_Skull.png
  artifactKey: Guid(6c1c207199cd6d044858440b08f67726) Importer(-1,00000000000000000000000000000000)
Start importing Assets/JMO Assets/Cartoon FX/Textures/CFX3_T_Skull.png using Guid(6c1c207199cd6d044858440b08f67726) Importer(-1,00000000000000000000000000000000)  -> (artifact id: 'a6bc357e8476763982eda2ebed36dd24') in 0.011331 seconds 
========================================================================
Received Import Request.
  Time since last request: 0.000014 seconds.
  path: Assets/JMO Assets/Cartoon FX/Textures/CFX_T_Ray.png
  artifactKey: Guid(2a23c90b6f28bf849a5ac28e2e9e6e41) Importer(-1,00000000000000000000000000000000)
Start importing Assets/JMO Assets/Cartoon FX/Textures/CFX_T_Ray.png using Guid(2a23c90b6f28bf849a5ac28e2e9e6e41) Importer(-1,00000000000000000000000000000000)  -> (artifact id: '99d6f079ee2384bfcd8854d7a5f161ab') in 0.010900 seconds 
========================================================================
Received Import Request.
  Time since last request: 0.000018 seconds.
  path: Assets/JMO Assets/Cartoon FX/Demo/UI Canvas/CFX Demo Btn Ground.png
  artifactKey: Guid(a2bcf923df54ffa4ba7e795955c5dc22) Importer(-1,00000000000000000000000000000000)
Start importing Assets/JMO Assets/Cartoon FX/Demo/UI Canvas/CFX Demo Btn Ground.png using Guid(a2bcf923df54ffa4ba7e795955c5dc22) Importer(-1,00000000000000000000000000000000)  -> (artifact id: 'bf63f2859ef1017360142aaab70a18f2') in 0.014658 seconds 
========================================================================
Received Import Request.
  Time since last request: 0.000021 seconds.
  path: Assets/JMO Assets/Cartoon FX/Textures/CFX_T_Bolt.png
  artifactKey: Guid(347a4af640f58824d8438fae9b34a012) Importer(-1,00000000000000000000000000000000)
Start importing Assets/JMO Assets/Cartoon FX/Textures/CFX_T_Bolt.png using Guid(347a4af640f58824d8438fae9b34a012) Importer(-1,00000000000000000000000000000000)  -> (artifact id: 'dc515438cd0169a734b604c10bf3a50f') in 0.027830 seconds 
========================================================================
Received Import Request.
  Time since last request: 0.000024 seconds.
  path: Assets/JMO Assets/Cartoon FX/Textures/CFX3_T_CircleSoft.png
  artifactKey: Guid(da8f1c2ca73fa7849812d48c57b95295) Importer(-1,00000000000000000000000000000000)
Start importing Assets/JMO Assets/Cartoon FX/Textures/CFX3_T_CircleSoft.png using Guid(da8f1c2ca73fa7849812d48c57b95295) Importer(-1,00000000000000000000000000000000)  -> (artifact id: '0c3b8d063b03424dc486bac22afeb9d6') in 0.013053 seconds 
========================================================================
Received Import Request.
  Time since last request: 0.000030 seconds.
  path: Assets/JMO Assets/Cartoon FX/Textures/CFX_ElectricSparkle.png
  artifactKey: Guid(a070c34b838259a4eb4338c1c5b753b3) Importer(-1,00000000000000000000000000000000)
Start importing Assets/JMO Assets/Cartoon FX/Textures/CFX_ElectricSparkle.png using Guid(a070c34b838259a4eb4338c1c5b753b3) Importer(-1,00000000000000000000000000000000)  -> (artifact id: '9979d6d387af5d638ce57e92c0432a33') in 0.012315 seconds 
========================================================================
Received Import Request.
  Time since last request: 0.000027 seconds.
  path: Assets/JMO Assets/Cartoon FX/Textures/CFX_T_Thunderbolt.tga
  artifactKey: Guid(eb4bc05a4546cf24aa08ed814eb2b6f0) Importer(-1,00000000000000000000000000000000)
Start importing Assets/JMO Assets/Cartoon FX/Textures/CFX_T_Thunderbolt.tga using Guid(eb4bc05a4546cf24aa08ed814eb2b6f0) Importer(-1,00000000000000000000000000000000)  -> (artifact id: '3ee1f9bf868920bae0a58197ba07cca4') in 0.013460 seconds 
========================================================================
Received Import Request.
  Time since last request: 0.000024 seconds.
  path: Assets/JMO Assets/Cartoon FX/Textures/CFX2_T_ShinyStar.png
  artifactKey: Guid(e11a46337d7c55c42b0a2df4ae4ce720) Importer(-1,00000000000000000000000000000000)
Start importing Assets/JMO Assets/Cartoon FX/Textures/CFX2_T_ShinyStar.png using Guid(e11a46337d7c55c42b0a2df4ae4ce720) Importer(-1,00000000000000000000000000000000)  -> (artifact id: '323abeab07afe4b6ac3c91b0ab49e3db') in 0.014997 seconds 
========================================================================
Received Import Request.
  Time since last request: 0.000018 seconds.
  path: Assets/JMO Assets/Cartoon FX/Textures/CFX3_T_FireBulk.png
  artifactKey: Guid(e6d1dbabd3135d546b6c48db6a6879f3) Importer(-1,00000000000000000000000000000000)
Start importing Assets/JMO Assets/Cartoon FX/Textures/CFX3_T_FireBulk.png using Guid(e6d1dbabd3135d546b6c48db6a6879f3) Importer(-1,00000000000000000000000000000000)  -> (artifact id: '93b5f67342b342c9ac800bf869c6614c') in 0.009927 seconds 
========================================================================
Received Import Request.
  Time since last request: 0.000026 seconds.
  path: Assets/JMO Assets/Cartoon FX/Textures/CFX2_T_Bat.png
  artifactKey: Guid(32e27c4d7b392d448928e914fbf9b2d1) Importer(-1,00000000000000000000000000000000)
Start importing Assets/JMO Assets/Cartoon FX/Textures/CFX2_T_Bat.png using Guid(32e27c4d7b392d448928e914fbf9b2d1) Importer(-1,00000000000000000000000000000000)  -> (artifact id: 'bdc5d97d4b209047930d027a34bfc347') in 0.013201 seconds 
========================================================================
Received Import Request.
  Time since last request: 0.000025 seconds.
  path: Assets/JMO Assets/Cartoon FX/Textures/CFX4_T_GroundDebris AB.png
  artifactKey: Guid(1e3c761df42153c439e30160ebb12adc) Importer(-1,00000000000000000000000000000000)
Start importing Assets/JMO Assets/Cartoon FX/Textures/CFX4_T_GroundDebris AB.png using Guid(1e3c761df42153c439e30160ebb12adc) Importer(-1,00000000000000000000000000000000)  -> (artifact id: '0685c2fbc17b2935304ddc3c461a1a5b') in 0.014332 seconds 
========================================================================
Received Import Request.
  Time since last request: 0.000022 seconds.
  path: Assets/JMO Assets/Cartoon FX/Textures/CFX4_T_PaintHit.png
  artifactKey: Guid(9e8ecf28345d6f44d9386600ea414f4d) Importer(-1,00000000000000000000000000000000)
Start importing Assets/JMO Assets/Cartoon FX/Textures/CFX4_T_PaintHit.png using Guid(9e8ecf28345d6f44d9386600ea414f4d) Importer(-1,00000000000000000000000000000000)  -> (artifact id: '78fe2972d85394f996119046a5bf1011') in 0.013109 seconds 
========================================================================
Received Import Request.
  Time since last request: 0.000020 seconds.
  path: Assets/JMO Assets/Cartoon FX/Demo/Assets/CFX3_T_Ground.png
  artifactKey: Guid(eaf4a9d9f8ba2d847b4febb8ec639803) Importer(-1,00000000000000000000000000000000)
Start importing Assets/JMO Assets/Cartoon FX/Demo/Assets/CFX3_T_Ground.png using Guid(eaf4a9d9f8ba2d847b4febb8ec639803) Importer(-1,00000000000000000000000000000000)  -> (artifact id: '91954f5f2b449dde91dbbed2a66cc5a2') in 0.007926 seconds 
========================================================================
Received Import Request.
  Time since last request: 0.000020 seconds.
  path: Assets/JMO Assets/Cartoon FX/Textures/CFX4_T_AuraBubble.png
  artifactKey: Guid(f233a7a5a2c3777498cc5c62b506633a) Importer(-1,00000000000000000000000000000000)
Start importing Assets/JMO Assets/Cartoon FX/Textures/CFX4_T_AuraBubble.png using Guid(f233a7a5a2c3777498cc5c62b506633a) Importer(-1,00000000000000000000000000000000)  -> (artifact id: 'f126b0512c2e6b9b3ddc003419b15af4') in 0.018430 seconds 
========================================================================
Received Import Request.
  Time since last request: 0.000026 seconds.
  path: Assets/JMO Assets/Cartoon FX/Textures/CFX4_T_SparksHit.png
  artifactKey: Guid(a90f18bd790c8ec409e2fa3be62f3ee7) Importer(-1,00000000000000000000000000000000)
Start importing Assets/JMO Assets/Cartoon FX/Textures/CFX4_T_SparksHit.png using Guid(a90f18bd790c8ec409e2fa3be62f3ee7) Importer(-1,00000000000000000000000000000000)  -> (artifact id: '7f04e892dbb3bd843b3c4fd41579a234') in 0.010996 seconds 
========================================================================
Received Import Request.
  Time since last request: 0.000025 seconds.
  path: Assets/JMO Assets/Cartoon FX/Demo/UI Canvas/CFX2 Demo Logo.png
  artifactKey: Guid(5bd23007d5e4e2b48ad7618f94328601) Importer(-1,00000000000000000000000000000000)
Start importing Assets/JMO Assets/Cartoon FX/Demo/UI Canvas/CFX2 Demo Logo.png using Guid(5bd23007d5e4e2b48ad7618f94328601) Importer(-1,00000000000000000000000000000000)  -> (artifact id: 'ebc0bf2dc0d1db6dbfccd2158644c81e') in 0.017875 seconds 
========================================================================
Received Import Request.
  Time since last request: 0.000019 seconds.
  path: Assets/JMO Assets/Cartoon FX/Textures/CFX4_T_PowHit.png
  artifactKey: Guid(3736d3a30afdf1f4f8a5ba4e289720d3) Importer(-1,00000000000000000000000000000000)
Start importing Assets/JMO Assets/Cartoon FX/Textures/CFX4_T_PowHit.png using Guid(3736d3a30afdf1f4f8a5ba4e289720d3) Importer(-1,00000000000000000000000000000000)  -> (artifact id: '260c2aca3cec5aadaaf52fe466b63724') in 0.009267 seconds 
========================================================================
Received Import Request.
  Time since last request: 0.000024 seconds.
  path: Assets/JMO Assets/Cartoon FX/Textures/CFX2_T_Decal_BloodPuddle_AB.tga
  artifactKey: Guid(4be0e8aa5e8747240af836ab4904c4a5) Importer(-1,00000000000000000000000000000000)
Start importing Assets/JMO Assets/Cartoon FX/Textures/CFX2_T_Decal_BloodPuddle_AB.tga using Guid(4be0e8aa5e8747240af836ab4904c4a5) Importer(-1,00000000000000000000000000000000)  -> (artifact id: '1b43820eb2596be63f0e1d22d6c3dbce') in 0.010441 seconds 
========================================================================
Received Import Request.
  Time since last request: 0.000019 seconds.
  path: Assets/JMO Assets/Cartoon FX/Textures/CFX2_T_SmallRocks_4Frames.tga
  artifactKey: Guid(9648024bd8fe4834e8a465c7222510fa) Importer(-1,00000000000000000000000000000000)
Start importing Assets/JMO Assets/Cartoon FX/Textures/CFX2_T_SmallRocks_4Frames.tga using Guid(9648024bd8fe4834e8a465c7222510fa) Importer(-1,00000000000000000000000000000000)  -> (artifact id: '80fdcaed66849dad0cccaffbfdf7b7ec') in 0.020953 seconds 
========================================================================
Received Import Request.
  Time since last request: 0.000029 seconds.
  path: Assets/JMO Assets/Cartoon FX/Textures/CFX_T_Anim4_Triangle3.png
  artifactKey: Guid(7fb1264fc225cf94bbc9edf9ad2b1020) Importer(-1,00000000000000000000000000000000)
Start importing Assets/JMO Assets/Cartoon FX/Textures/CFX_T_Anim4_Triangle3.png using Guid(7fb1264fc225cf94bbc9edf9ad2b1020) Importer(-1,00000000000000000000000000000000)  -> (artifact id: 'cb16d2ad980e8a0a72da6edfbd579858') in 0.028609 seconds 
========================================================================
Received Import Request.
  Time since last request: 0.000018 seconds.
  path: Assets/JMO Assets/Cartoon FX/Textures/CFX_T_Anim4_RoundedLines.png
  artifactKey: Guid(7987b6791dff098469332588914e2c84) Importer(-1,00000000000000000000000000000000)
Start importing Assets/JMO Assets/Cartoon FX/Textures/CFX_T_Anim4_RoundedLines.png using Guid(7987b6791dff098469332588914e2c84) Importer(-1,00000000000000000000000000000000)  -> (artifact id: '05185a3c5677a554b52250a229ec1aff') in 0.037123 seconds 
========================================================================
Received Import Request.
  Time since last request: 0.000022 seconds.
  path: Assets/JMO Assets/Cartoon FX/Textures/CFX2_T_Heart.png
  artifactKey: Guid(025d69190a4ac0844aba79123c911853) Importer(-1,00000000000000000000000000000000)
Start importing Assets/JMO Assets/Cartoon FX/Textures/CFX2_T_Heart.png using Guid(025d69190a4ac0844aba79123c911853) Importer(-1,00000000000000000000000000000000)  -> (artifact id: 'd97b93713fc61b01a84bf26030624e66') in 0.017661 seconds 
========================================================================
Received Import Request.
  Time since last request: 0.000023 seconds.
  path: Assets/JMO Assets/Cartoon FX/Textures/CFX2_T_HeartBroken_2Frames.png
  artifactKey: Guid(fc30dedb4b1539a459c3601dc98f4b47) Importer(-1,00000000000000000000000000000000)
Start importing Assets/JMO Assets/Cartoon FX/Textures/CFX2_T_HeartBroken_2Frames.png using Guid(fc30dedb4b1539a459c3601dc98f4b47) Importer(-1,00000000000000000000000000000000)  -> (artifact id: 'efcb3442d64d2f3e724727a94072d9c3') in 0.016143 seconds 
========================================================================
Received Import Request.
  Time since last request: 0.000018 seconds.
  path: Assets/JMO Assets/Cartoon FX/Textures/CFX_T_Foam.png
  artifactKey: Guid(c4d5aed015bc1e74f8c8f6329edb4fbb) Importer(-1,00000000000000000000000000000000)
Start importing Assets/JMO Assets/Cartoon FX/Textures/CFX_T_Foam.png using Guid(c4d5aed015bc1e74f8c8f6329edb4fbb) Importer(-1,00000000000000000000000000000000)  -> (artifact id: 'e9c48c1f89537c831fb322988684cb80') in 0.013900 seconds 
========================================================================
Received Import Request.
  Time since last request: 0.000023 seconds.
  path: Assets/JMO Assets/Cartoon FX/Textures/CFX_T_Text_Zap.tga
  artifactKey: Guid(46b730a4e94830e4c8c03be7abefe890) Importer(-1,00000000000000000000000000000000)
Start importing Assets/JMO Assets/Cartoon FX/Textures/CFX_T_Text_Zap.tga using Guid(46b730a4e94830e4c8c03be7abefe890) Importer(-1,00000000000000000000000000000000)  -> (artifact id: 'a4a2d1bab0a71ab8d2839e3546dc95d6') in 0.015606 seconds 
========================================================================
Received Import Request.
  Time since last request: 0.000016 seconds.
  path: Assets/JMO Assets/Cartoon FX/Textures/CFX_T_Anim4_Triangle1.png
  artifactKey: Guid(457b1e2e96148da47ac7049226511eff) Importer(-1,00000000000000000000000000000000)
Start importing Assets/JMO Assets/Cartoon FX/Textures/CFX_T_Anim4_Triangle1.png using Guid(457b1e2e96148da47ac7049226511eff) Importer(-1,00000000000000000000000000000000)  -> (artifact id: 'bb3b8336e19f92e487730ff6b691515c') in 0.011637 seconds 
========================================================================
Received Import Request.
  Time since last request: 0.000015 seconds.
  path: Assets/JMO Assets/Cartoon FX/Textures/CFX2_T_HeartBrokenSlice.png
  artifactKey: Guid(9864efbfd97a1d141aaef379143ac011) Importer(-1,00000000000000000000000000000000)
Start importing Assets/JMO Assets/Cartoon FX/Textures/CFX2_T_HeartBrokenSlice.png using Guid(9864efbfd97a1d141aaef379143ac011) Importer(-1,00000000000000000000000000000000)  -> (artifact id: 'fbfc9ae20451cbab7aa6e2365be90ece') in 0.010622 seconds 
========================================================================
Received Import Request.
  Time since last request: 0.000888 seconds.
  path: Assets/JMO Assets/Cartoon FX/Demo/UI Canvas/CFX Demo Btn Arrow R.png
  artifactKey: Guid(3783f195e2c8dc84cb1461fbe881e9cb) Importer(-1,00000000000000000000000000000000)
Start importing Assets/JMO Assets/Cartoon FX/Demo/UI Canvas/CFX Demo Btn Arrow R.png using Guid(3783f195e2c8dc84cb1461fbe881e9cb) Importer(-1,00000000000000000000000000000000)  -> (artifact id: 'a1af56b2190f60496aff61ddbc1f904f') in 0.023354 seconds 
========================================================================
Received Import Request.
  Time since last request: 0.000014 seconds.
  path: Assets/JMO Assets/Cartoon FX/Textures/CFX_T_Text_Woooshh.tga
  artifactKey: Guid(56c9748d4851c9c4bb6455c3c135618a) Importer(-1,00000000000000000000000000000000)
Start importing Assets/JMO Assets/Cartoon FX/Textures/CFX_T_Text_Woooshh.tga using Guid(56c9748d4851c9c4bb6455c3c135618a) Importer(-1,00000000000000000000000000000000)  -> (artifact id: '6ac78c3c6a82548e395ceff5d02e94af') in 0.018610 seconds 
========================================================================
Received Import Request.
  Time since last request: 0.000023 seconds.
  path: Assets/JMO Assets/Cartoon FX/Textures/CFX2_T_WWSmoke Glow AB.tga
  artifactKey: Guid(cb1e9236f4c5c7d47b900b5f0026b10f) Importer(-1,00000000000000000000000000000000)
Start importing Assets/JMO Assets/Cartoon FX/Textures/CFX2_T_WWSmoke Glow AB.tga using Guid(cb1e9236f4c5c7d47b900b5f0026b10f) Importer(-1,00000000000000000000000000000000)  -> (artifact id: '3934c6a60f41561ed47c84ee00dd35be') in 0.023255 seconds 
========================================================================
Received Import Request.
  Time since last request: 0.000023 seconds.
  path: Assets/JMO Assets/Cartoon FX/Textures/CFX_T_Flame1_ABP.tga
  artifactKey: Guid(c05e2ace26b44c34c8012474ae4faf44) Importer(-1,00000000000000000000000000000000)
Start importing Assets/JMO Assets/Cartoon FX/Textures/CFX_T_Flame1_ABP.tga using Guid(c05e2ace26b44c34c8012474ae4faf44) Importer(-1,00000000000000000000000000000000)  -> (artifact id: '52d983a8753c37dcdad8120a2c7e5e41') in 0.011475 seconds 
========================================================================
Received Import Request.
  Time since last request: 0.000022 seconds.
  path: Assets/JMO Assets/Cartoon FX/Textures/CFX2_T_Star.png
  artifactKey: Guid(6952b5f508f55574eaafe2fe79f66d45) Importer(-1,00000000000000000000000000000000)
Start importing Assets/JMO Assets/Cartoon FX/Textures/CFX2_T_Star.png using Guid(6952b5f508f55574eaafe2fe79f66d45) Importer(-1,00000000000000000000000000000000)  -> (artifact id: '723451ec3c41cff29b98daa5880dc4af') in 0.010433 seconds 
========================================================================
Received Import Request.
  Time since last request: 0.000016 seconds.
  path: Assets/JMO Assets/Cartoon FX/Textures/CFX_T_Tornado.png
  artifactKey: Guid(7fe6e3d4e0d540247a6d1af150194b29) Importer(-1,00000000000000000000000000000000)
Start importing Assets/JMO Assets/Cartoon FX/Textures/CFX_T_Tornado.png using Guid(7fe6e3d4e0d540247a6d1af150194b29) Importer(-1,00000000000000000000000000000000)  -> (artifact id: '479e5d05cc2fdcbd0c4fe614ba4301f5') in 0.010270 seconds 
========================================================================
Received Import Request.
  Time since last request: 0.000018 seconds.
  path: Assets/JMO Assets/Cartoon FX/Demo/UI Canvas/CFX Demo Btn Camera.png
  artifactKey: Guid(4c72f3c555f96274787f31379fabb6ff) Importer(-1,00000000000000000000000000000000)
Start importing Assets/JMO Assets/Cartoon FX/Demo/UI Canvas/CFX Demo Btn Camera.png using Guid(4c72f3c555f96274787f31379fabb6ff) Importer(-1,00000000000000000000000000000000)  -> (artifact id: '3b7a1443a30b2e808b02ea449658da63') in 0.012873 seconds 
========================================================================
Received Import Request.
  Time since last request: 0.000026 seconds.
  path: Assets/JMO Assets/Cartoon FX/Textures/CFX4_T_FireBulk AB.png
  artifactKey: Guid(f71f658d2f20fdf42b41170b8319e02d) Importer(-1,00000000000000000000000000000000)
Start importing Assets/JMO Assets/Cartoon FX/Textures/CFX4_T_FireBulk AB.png using Guid(f71f658d2f20fdf42b41170b8319e02d) Importer(-1,00000000000000000000000000000000)  -> (artifact id: '6be2ae72c897190ccc67f8526f5fac3d') in 0.010253 seconds 
========================================================================
Received Import Request.
  Time since last request: 0.000028 seconds.
  path: Assets/JMO Assets/Cartoon FX/Textures/CFX2_T_Smiley Happy.png
  artifactKey: Guid(04968eedb3f06fb478bf733d8fb53727) Importer(-1,00000000000000000000000000000000)
Start importing Assets/JMO Assets/Cartoon FX/Textures/CFX2_T_Smiley Happy.png using Guid(04968eedb3f06fb478bf733d8fb53727) Importer(-1,00000000000000000000000000000000)  -> (artifact id: 'e15b963283189ce5f7f5ae30ebedb1b8') in 0.012710 seconds 
========================================================================
Received Import Request.
  Time since last request: 0.000017 seconds.
  path: Assets/JMO Assets/Cartoon FX/Demo/UI Canvas/CFX Demo Btn Camera H.png
  artifactKey: Guid(90cdb91b8028d984b9adf63a23402f86) Importer(-1,00000000000000000000000000000000)
Start importing Assets/JMO Assets/Cartoon FX/Demo/UI Canvas/CFX Demo Btn Camera H.png using Guid(90cdb91b8028d984b9adf63a23402f86) Importer(-1,00000000000000000000000000000000)  -> (artifact id: '3bbb35d1a0ddbf2e0c628c02a240e7c3') in 0.017073 seconds 
========================================================================
Received Import Request.
  Time since last request: 0.000047 seconds.
  path: Assets/JMO Assets/Cartoon FX/Textures/CFX_T_SpacedSpike.png
  artifactKey: Guid(ebbcc38b2a5a365429d42c1e4c7ebf21) Importer(-1,00000000000000000000000000000000)
Start importing Assets/JMO Assets/Cartoon FX/Textures/CFX_T_SpacedSpike.png using Guid(ebbcc38b2a5a365429d42c1e4c7ebf21) Importer(-1,00000000000000000000000000000000)  -> (artifact id: '98c563df578b760085a7d7df8f64341a') in 0.009044 seconds 
========================================================================
Received Import Request.
  Time since last request: 0.000025 seconds.
  path: Assets/JMO Assets/Cartoon FX/Textures/CFX3_T_GlowSpike.png
  artifactKey: Guid(ef7c6c2563f24da42b7c53853678ae82) Importer(-1,00000000000000000000000000000000)
Start importing Assets/JMO Assets/Cartoon FX/Textures/CFX3_T_GlowSpike.png using Guid(ef7c6c2563f24da42b7c53853678ae82) Importer(-1,00000000000000000000000000000000)  -> (artifact id: 'eee94f4826160efb454f645204639214') in 0.010331 seconds 
========================================================================
Received Import Request.
  Time since last request: 0.000017 seconds.
  path: Assets/JMO Assets/Cartoon FX/Textures/CFX3_T_SmokePuff.png
  artifactKey: Guid(aff991a95cb92204fa62dffc7e7b6ead) Importer(-1,00000000000000000000000000000000)
Start importing Assets/JMO Assets/Cartoon FX/Textures/CFX3_T_SmokePuff.png using Guid(aff991a95cb92204fa62dffc7e7b6ead) Importer(-1,00000000000000000000000000000000)  -> (artifact id: '9b3abc0c87ed6e327d9df380b4a8aaeb') in 0.009284 seconds 
========================================================================
Received Import Request.
  Time since last request: 0.000018 seconds.
  path: Assets/JMO Assets/Cartoon FX/Textures/CFX4_T_Anim_WiggleLine.png
  artifactKey: Guid(cd895235a201703448c77a2952188cd1) Importer(-1,00000000000000000000000000000000)
Start importing Assets/JMO Assets/Cartoon FX/Textures/CFX4_T_Anim_WiggleLine.png using Guid(cd895235a201703448c77a2952188cd1) Importer(-1,00000000000000000000000000000000)  -> (artifact id: 'ebe707137a99e4ee030f30bb68fbcee4') in 0.010692 seconds 
========================================================================
Received Import Request.
  Time since last request: 0.252433 seconds.
  path: Assets/JMO Assets/Cartoon FX/Mesh/CFX_Mesh_Circular2.FBX
  artifactKey: Guid(645a11d137d568d4bb4e5e97f259a333) Importer(-1,00000000000000000000000000000000)
Start importing Assets/JMO Assets/Cartoon FX/Mesh/CFX_Mesh_Circular2.FBX using Guid(645a11d137d568d4bb4e5e97f259a333) Importer(-1,00000000000000000000000000000000)  -> (artifact id: 'e5ecd6e8449205419c3dfa4facb49539') in 0.075850 seconds 
Editor requested this worker to shutdown with reason: Scaling down because of idle timeout
AssetImportWorker is now disconnected from the server
Process exiting
Exiting without the bug reporter. Application will terminate with return code 0